{"/Users/hid/Developer/kickstand/apps/api/src/app.module.ts": {"path":"/Users/hid/Developer/kickstand/apps/api/src/app.module.ts","statementMap":{"0":{"start":{"line":1,"column":0},"end":{"line":1,"column":40}},"1":{"start":{"line":2,"column":0},"end":{"line":2,"column":53}},"2":{"start":{"line":3,"column":0},"end":{"line":3,"column":52}},"3":{"start":{"line":4,"column":0},"end":{"line":4,"column":58}},"4":{"start":{"line":5,"column":0},"end":{"line":5,"column":46}},"5":{"start":{"line":6,"column":0},"end":{"line":6,"column":52}},"6":{"start":{"line":7,"column":0},"end":{"line":7,"column":50}},"7":{"start":{"line":8,"column":0},"end":{"line":8,"column":50}},"8":{"start":{"line":9,"column":0},"end":{"line":9,"column":43}},"9":{"start":{"line":10,"column":0},"end":{"line":10,"column":60}},"10":{"start":{"line":11,"column":0},"end":{"line":11,"column":72}},"11":{"start":{"line":12,"column":0},"end":{"line":12,"column":48}},"12":{"start":{"line":13,"column":0},"end":{"line":13,"column":55}},"13":{"start":{"line":14,"column":0},"end":{"line":14,"column":59}},"14":{"start":{"line":15,"column":0},"end":{"line":15,"column":56}},"15":{"start":{"line":16,"column":0},"end":{"line":16,"column":59}},"16":{"start":{"line":17,"column":0},"end":{"line":17,"column":71}},"17":{"start":{"line":18,"column":0},"end":{"line":18,"column":79}},"18":{"start":{"line":19,"column":0},"end":{"line":19,"column":83}},"19":{"start":{"line":20,"column":0},"end":{"line":20,"column":79}},"20":{"start":{"line":21,"column":0},"end":{"line":21,"column":71}},"21":{"start":{"line":23,"column":15},"end":{"line":23,"column":52}},"22":{"start":{"line":89,"column":7},"end":{"line":89,"column":null}},"23":{"start":{"line":89,"column":13},"end":{"line":89,"column":22}},"24":{"start":{"line":89,"column":13},"end":{"line":89,"column":null}},"25":{"start":{"line":45,"column":75},"end":{"line":49,"column":12}},"26":{"start":{"line":50,"column":49},"end":{"line":52,"column":12}},"27":{"start":{"line":55,"column":27},"end":{"line":55,"column":48}}},"fnMap":{"0":{"name":"(anonymous_1)","decl":{"start":{"line":45,"column":15},"end":{"line":45,"column":16}},"loc":{"start":{"line":45,"column":75},"end":{"line":49,"column":12}}},"1":{"name":"(anonymous_2)","decl":{"start":{"line":50,"column":15},"end":{"line":50,"column":16}},"loc":{"start":{"line":50,"column":49},"end":{"line":52,"column":12}}},"2":{"name":"(anonymous_3)","decl":{"start":{"line":55,"column":18},"end":{"line":55,"column":19}},"loc":{"start":{"line":55,"column":27},"end":{"line":55,"column":48}}}},"branchMap":{"0":{"loc":{"start":{"line":34,"column":15},"end":{"line":34,"column":40}},"type":"cond-expr","locations":[{"start":{"line":34,"column":24},"end":{"line":34,"column":30}},{"start":{"line":34,"column":33},"end":{"line":34,"column":40}}]},"1":{"loc":{"start":{"line":36,"column":12},"end":{"line":43,"column":14}},"type":"cond-expr","locations":[{"start":{"line":37,"column":12},"end":{"line":37,"column":14}},{"start":{"line":38,"column":12},"end":{"line":43,"column":14}}]}},"s":{"0":0,"1":0,"2":0,"3":0,"4":0,"5":0,"6":0,"7":0,"8":0,"9":0,"10":0,"11":0,"12":0,"13":0,"14":0,"15":0,"16":0,"17":0,"18":0,"19":0,"20":0,"21":0,"22":0,"23":0,"24":0,"25":0,"26":0,"27":0},"f":{"0":0,"1":0,"2":0},"b":{"0":[0,0],"1":[0,0]}}
,"/Users/hid/Developer/kickstand/apps/api/src/health.controller.ts": {"path":"/Users/hid/Developer/kickstand/apps/api/src/health.controller.ts","statementMap":{"0":{"start":{"line":1,"column":0},"end":{"line":1,"column":49}},"1":{"start":{"line":2,"column":0},"end":{"line":2,"column":null}},"2":{"start":{"line":7,"column":0},"end":{"line":7,"column":62}},"3":{"start":{"line":11,"column":7},"end":{"line":19,"column":null}},"4":{"start":{"line":12,"column":22},"end":{"line":12,"column":30}},"5":{"start":{"line":17,"column":4},"end":{"line":17,"column":33}},"6":{"start":{"line":11,"column":13},"end":{"line":11,"column":29}},"7":{"start":{"line":16,"column":2},"end":{"line":18,"column":null}},"8":{"start":{"line":11,"column":13},"end":{"line":19,"column":null}}},"fnMap":{"0":{"name":"(anonymous_2)","decl":{"start":{"line":12,"column":2},"end":{"line":12,"column":22}},"loc":{"start":{"line":12,"column":48},"end":{"line":12,"column":52}}},"1":{"name":"(anonymous_3)","decl":{"start":{"line":16,"column":2},"end":{"line":16,"column":7}},"loc":{"start":{"line":16,"column":7},"end":{"line":18,"column":3}}}},"branchMap":{"0":{"loc":{"start":{"line":16,"column":11},"end":{"line":16,"column":null}},"type":"cond-expr","locations":[{"start":{"line":16,"column":18},"end":{"line":16,"column":null}},{"start":{"line":16,"column":18},"end":{"line":16,"column":null}}]},"1":{"loc":{"start":{"line":16,"column":11},"end":{"line":16,"column":18}},"type":"binary-expr","locations":[{"start":{"line":16,"column":11},"end":{"line":16,"column":null}},{"start":{"line":16,"column":11},"end":{"line":16,"column":18}}]},"2":{"loc":{"start":{"line":12,"column":30},"end":{"line":12,"column":51}},"type":"cond-expr","locations":[{"start":{"line":12,"column":48},"end":{"line":12,"column":51}},{"start":{"line":12,"column":48},"end":{"line":12,"column":51}}]},"3":{"loc":{"start":{"line":12,"column":30},"end":{"line":12,"column":48}},"type":"binary-expr","locations":[{"start":{"line":12,"column":30},"end":{"line":12,"column":51}},{"start":{"line":12,"column":30},"end":{"line":12,"column":48}}]}},"s":{"0":0,"1":0,"2":0,"3":0,"4":0,"5":0,"6":0,"7":0,"8":0},"f":{"0":0,"1":0},"b":{"0":[0,0],"1":[0,0],"2":[0,0],"3":[0,0]}}
,"/Users/hid/Developer/kickstand/apps/api/src/instrument.ts": {"path":"/Users/hid/Developer/kickstand/apps/api/src/instrument.ts","statementMap":{"0":{"start":{"line":1,"column":0},"end":{"line":1,"column":32}},"1":{"start":{"line":2,"column":0},"end":{"line":2,"column":31}},"2":{"start":{"line":4,"column":0},"end":{"line":4,"column":57}},"3":{"start":{"line":6,"column":0},"end":{"line":6,"column":41}},"4":{"start":{"line":8,"column":0},"end":{"line":14,"column":3}}},"fnMap":{},"branchMap":{"0":{"loc":{"start":{"line":10,"column":15},"end":{"line":10,"column":52}},"type":"binary-expr","locations":[{"start":{"line":10,"column":15},"end":{"line":10,"column":35}},{"start":{"line":10,"column":39},"end":{"line":10,"column":52}}]},"1":{"loc":{"start":{"line":11,"column":20},"end":{"line":11,"column":69}},"type":"cond-expr","locations":[{"start":{"line":11,"column":60},"end":{"line":11,"column":63}},{"start":{"line":11,"column":66},"end":{"line":11,"column":69}}]}},"s":{"0":0,"1":0,"2":0,"3":0,"4":0},"f":{},"b":{"0":[0,0],"1":[0,0]}}
,"/Users/hid/Developer/kickstand/apps/api/src/main.ts": {"path":"/Users/hid/Developer/kickstand/apps/api/src/main.ts","statementMap":{"0":{"start":{"line":1,"column":0},"end":{"line":1,"column":22}},"1":{"start":{"line":2,"column":0},"end":{"line":2,"column":43}},"2":{"start":{"line":3,"column":0},"end":{"line":3,"column":56}},"3":{"start":{"line":4,"column":0},"end":{"line":4,"column":51}},"4":{"start":{"line":5,"column":0},"end":{"line":5,"column":28}},"5":{"start":{"line":6,"column":0},"end":{"line":6,"column":41}},"6":{"start":{"line":9,"column":14},"end":{"line":9,"column":71}},"7":{"start":{"line":10,"column":2},"end":{"line":10,"column":37}},"8":{"start":{"line":12,"column":2},"end":{"line":12,"column":20}},"9":{"start":{"line":13,"column":2},"end":{"line":13,"column":19}},"10":{"start":{"line":14,"column":2},"end":{"line":20,"column":4}},"11":{"start":{"line":22,"column":2},"end":{"line":22,"column":28}},"12":{"start":{"line":24,"column":15},"end":{"line":24,"column":39}},"13":{"start":{"line":25,"column":2},"end":{"line":25,"column":25}},"14":{"start":{"line":27,"column":17},"end":{"line":27,"column":40}},"15":{"start":{"line":28,"column":2},"end":{"line":28,"column":47}},"16":{"start":{"line":30,"column":0},"end":{"line":30,"column":17}}},"fnMap":{"0":{"name":"bootstrap","decl":{"start":{"line":8,"column":15},"end":{"line":8,"column":24}},"loc":{"start":{"line":8,"column":24},"end":{"line":29,"column":1}}}},"branchMap":{"0":{"loc":{"start":{"line":24,"column":15},"end":{"line":24,"column":39}},"type":"binary-expr","locations":[{"start":{"line":24,"column":15},"end":{"line":24,"column":31}},{"start":{"line":24,"column":35},"end":{"line":24,"column":39}}]}},"s":{"0":0,"1":0,"2":0,"3":0,"4":0,"5":0,"6":0,"7":0,"8":0,"9":0,"10":0,"11":0,"12":0,"13":0,"14":0,"15":0,"16":0},"f":{"0":0},"b":{"0":[0,0]}}
,"/Users/hid/Developer/kickstand/apps/api/src/common/constants/service-types.ts": {"path":"/Users/hid/Developer/kickstand/apps/api/src/common/constants/service-types.ts","statementMap":{"0":{"start":{"line":1,"column":13},"end":{"line":17,"column":11}}},"fnMap":{},"branchMap":{},"s":{"0":2},"f":{},"b":{}}
,"/Users/hid/Developer/kickstand/apps/api/src/common/decorators/current-user.decorator.ts": {"path":"/Users/hid/Developer/kickstand/apps/api/src/common/decorators/current-user.decorator.ts","statementMap":{"0":{"start":{"line":1,"column":0},"end":{"line":1,"column":72}},"1":{"start":{"line":8,"column":13},"end":{"line":13,"column":2}},"2":{"start":{"line":10,"column":20},"end":{"line":10,"column":71}},"3":{"start":{"line":11,"column":4},"end":{"line":11,"column":24}}},"fnMap":{"0":{"name":"(anonymous_0)","decl":{"start":{"line":9,"column":2},"end":{"line":9,"column":3}},"loc":{"start":{"line":9,"column":54},"end":{"line":12,"column":3}}}},"branchMap":{},"s":{"0":6,"1":6,"2":0,"3":0},"f":{"0":0},"b":{}}
,"/Users/hid/Developer/kickstand/apps/api/src/common/decorators/public.decorator.ts": {"path":"/Users/hid/Developer/kickstand/apps/api/src/common/decorators/public.decorator.ts","statementMap":{"0":{"start":{"line":1,"column":0},"end":{"line":1,"column":45}},"1":{"start":{"line":3,"column":13},"end":{"line":3,"column":40}},"2":{"start":{"line":4,"column":22},"end":{"line":4,"column":60}},"3":{"start":{"line":4,"column":28},"end":{"line":4,"column":60}},"4":{"start":{"line":4,"column":13},"end":{"line":4,"column":22}}},"fnMap":{"0":{"name":"(anonymous_0)","decl":{"start":{"line":4,"column":22},"end":{"line":4,"column":25}},"loc":{"start":{"line":4,"column":28},"end":{"line":4,"column":60}}}},"branchMap":{},"s":{"0":11,"1":11,"2":11,"3":4,"4":11},"f":{"0":4},"b":{}}
,"/Users/hid/Developer/kickstand/apps/api/src/common/guards/supabase-auth.guard.ts": {"path":"/Users/hid/Developer/kickstand/apps/api/src/common/guards/supabase-auth.guard.ts","statementMap":{"0":{"start":{"line":1,"column":0},"end":{"line":1,"column":null}},"1":{"start":{"line":10,"column":0},"end":{"line":10,"column":41}},"2":{"start":{"line":11,"column":0},"end":{"line":11,"column":41}},"3":{"start":{"line":12,"column":0},"end":{"line":12,"column":47}},"4":{"start":{"line":14,"column":0},"end":{"line":14,"column":53}},"5":{"start":{"line":15,"column":0},"end":{"line":15,"column":57}},"6":{"start":{"line":17,"column":0},"end":{"line":17,"column":48}},"7":{"start":{"line":18,"column":0},"end":{"line":18,"column":63}},"8":{"start":{"line":21,"column":30},"end":{"line":120,"column":null}},"9":{"start":{"line":22,"column":28},"end":{"line":22,"column":62}},"10":{"start":{"line":24,"column":32},"end":{"line":24,"column":49}},"11":{"start":{"line":28,"column":21},"end":{"line":28,"column":32}},"12":{"start":{"line":29,"column":21},"end":{"line":29,"column":36}},"13":{"start":{"line":30,"column":38},"end":{"line":30,"column":51}},"14":{"start":{"line":32,"column":24},"end":{"line":32,"column":77}},"15":{"start":{"line":33,"column":4},"end":{"line":33,"column":51}},"16":{"start":{"line":34,"column":4},"end":{"line":36,"column":6}},"17":{"start":{"line":40,"column":4},"end":{"line":44,"column":5}},"18":{"start":{"line":41,"column":6},"end":{"line":41,"column":70}},"19":{"start":{"line":48,"column":21},"end":{"line":51,"column":6}},"20":{"start":{"line":52,"column":4},"end":{"line":52,"column":30}},"21":{"start":{"line":52,"column":18},"end":{"line":52,"column":30}},"22":{"start":{"line":54,"column":20},"end":{"line":54,"column":64}},"23":{"start":{"line":55,"column":18},"end":{"line":55,"column":44}},"24":{"start":{"line":57,"column":4},"end":{"line":60,"column":5}},"25":{"start":{"line":58,"column":6},"end":{"line":58,"column":76}},"26":{"start":{"line":59,"column":6},"end":{"line":59,"column":69}},"27":{"start":{"line":65,"column":4},"end":{"line":97,"column":5}},"28":{"start":{"line":66,"column":26},"end":{"line":70,"column":8}},"29":{"start":{"line":72,"column":6},"end":{"line":77,"column":7}},"30":{"start":{"line":76,"column":8},"end":{"line":76,"column":62}},"31":{"start":{"line":79,"column":6},"end":{"line":81,"column":7}},"32":{"start":{"line":80,"column":8},"end":{"line":80,"column":65}},"33":{"start":{"line":82,"column":6},"end":{"line":84,"column":7}},"34":{"start":{"line":83,"column":8},"end":{"line":83,"column":69}},"35":{"start":{"line":86,"column":6},"end":{"line":86,"column":23}},"36":{"start":{"line":87,"column":6},"end":{"line":87,"column":28}},"37":{"start":{"line":89,"column":6},"end":{"line":89,"column":58}},"38":{"start":{"line":89,"column":48},"end":{"line":89,"column":58}},"39":{"start":{"line":91,"column":8},"end":{"line":91,"column":73}},"40":{"start":{"line":92,"column":6},"end":{"line":95,"column":8}},"41":{"start":{"line":96,"column":6},"end":{"line":96,"column":66}},"42":{"start":{"line":99,"column":4},"end":{"line":99,"column":43}},"43":{"start":{"line":100,"column":4},"end":{"line":100,"column":52}},"44":{"start":{"line":101,"column":5},"end":{"line":101,"column":76}},"45":{"start":{"line":102,"column":4},"end":{"line":102,"column":16}},"46":{"start":{"line":106,"column":4},"end":{"line":106,"column":40}},"47":{"start":{"line":106,"column":33},"end":{"line":106,"column":40}},"48":{"start":{"line":108,"column":4},"end":{"line":111,"column":56}},"49":{"start":{"line":113,"column":4},"end":{"line":113,"column":28}},"50":{"start":{"line":117,"column":26},"end":{"line":117,"column":73}},"51":{"start":{"line":118,"column":4},"end":{"line":118,"column":49}},"52":{"start":{"line":21,"column":13},"end":{"line":21,"column":30}},"53":{"start":{"line":21,"column":13},"end":{"line":120,"column":null}}},"fnMap":{"0":{"name":"(anonymous_13)","decl":{"start":{"line":27,"column":2},"end":{"line":27,"column":null}},"loc":{"start":{"line":30,"column":51},"end":{"line":37,"column":3}}},"1":{"name":"(anonymous_14)","decl":{"start":{"line":39,"column":2},"end":{"line":39,"column":7}},"loc":{"start":{"line":39,"column":20},"end":{"line":45,"column":3}}},"2":{"name":"(anonymous_15)","decl":{"start":{"line":47,"column":2},"end":{"line":47,"column":7}},"loc":{"start":{"line":47,"column":45},"end":{"line":103,"column":3}}},"3":{"name":"(anonymous_16)","decl":{"start":{"line":105,"column":10},"end":{"line":105,"column":15}},"loc":{"start":{"line":105,"column":58},"end":{"line":114,"column":3}}},"4":{"name":"(anonymous_17)","decl":{"start":{"line":116,"column":10},"end":{"line":116,"column":22}},"loc":{"start":{"line":116,"column":39},"end":{"line":119,"column":3}}}},"branchMap":{"0":{"loc":{"start":{"line":52,"column":4},"end":{"line":52,"column":30}},"type":"if","locations":[{"start":{"line":52,"column":4},"end":{"line":52,"column":30}}]},"1":{"loc":{"start":{"line":57,"column":4},"end":{"line":60,"column":5}},"type":"if","locations":[{"start":{"line":57,"column":4},"end":{"line":60,"column":5}}]},"2":{"loc":{"start":{"line":72,"column":6},"end":{"line":77,"column":7}},"type":"if","locations":[{"start":{"line":72,"column":6},"end":{"line":77,"column":7}}]},"3":{"loc":{"start":{"line":79,"column":6},"end":{"line":81,"column":7}},"type":"if","locations":[{"start":{"line":79,"column":6},"end":{"line":81,"column":7}}]},"4":{"loc":{"start":{"line":79,"column":10},"end":{"line":79,"column":57}},"type":"binary-expr","locations":[{"start":{"line":79,"column":10},"end":{"line":79,"column":41}},{"start":{"line":79,"column":45},"end":{"line":79,"column":57}}]},"5":{"loc":{"start":{"line":82,"column":6},"end":{"line":84,"column":7}},"type":"if","locations":[{"start":{"line":82,"column":6},"end":{"line":84,"column":7}}]},"6":{"loc":{"start":{"line":82,"column":10},"end":{"line":82,"column":61}},"type":"binary-expr","locations":[{"start":{"line":82,"column":10},"end":{"line":82,"column":43}},{"start":{"line":82,"column":47},"end":{"line":82,"column":61}}]},"7":{"loc":{"start":{"line":89,"column":6},"end":{"line":89,"column":58}},"type":"if","locations":[{"start":{"line":89,"column":6},"end":{"line":89,"column":58}}]},"8":{"loc":{"start":{"line":91,"column":8},"end":{"line":91,"column":73}},"type":"cond-expr","locations":[{"start":{"line":91,"column":31},"end":{"line":91,"column":42}},{"start":{"line":91,"column":45},"end":{"line":91,"column":73}}]},"9":{"loc":{"start":{"line":106,"column":4},"end":{"line":106,"column":40}},"type":"if","locations":[{"start":{"line":106,"column":4},"end":{"line":106,"column":40}}]},"10":{"loc":{"start":{"line":117,"column":26},"end":{"line":117,"column":73}},"type":"binary-expr","locations":[{"start":{"line":117,"column":26},"end":{"line":117,"column":67}},{"start":{"line":117,"column":71},"end":{"line":117,"column":73}}]},"11":{"loc":{"start":{"line":118,"column":11},"end":{"line":118,"column":48}},"type":"cond-expr","locations":[{"start":{"line":118,"column":31},"end":{"line":118,"column":36}},{"start":{"line":118,"column":39},"end":{"line":118,"column":48}}]},"12":{"loc":{"start":{"line":28,"column":32},"end":{"line":28,"column":null}},"type":"cond-expr","locations":[{"start":{"line":28,"column":41},"end":{"line":28,"column":null}},{"start":{"line":28,"column":41},"end":{"line":28,"column":null}}]},"13":{"loc":{"start":{"line":28,"column":32},"end":{"line":28,"column":41}},"type":"binary-expr","locations":[{"start":{"line":28,"column":32},"end":{"line":28,"column":null}},{"start":{"line":28,"column":32},"end":{"line":28,"column":41}}]},"14":{"loc":{"start":{"line":28,"column":41},"end":{"line":29,"column":null}},"type":"cond-expr","locations":[{"start":{"line":29,"column":49},"end":{"line":29,"column":null}},{"start":{"line":29,"column":49},"end":{"line":29,"column":null}}]},"15":{"loc":{"start":{"line":28,"column":41},"end":{"line":29,"column":49}},"type":"binary-expr","locations":[{"start":{"line":28,"column":41},"end":{"line":29,"column":null}},{"start":{"line":29,"column":36},"end":{"line":29,"column":49}}]}},"s":{"0":8,"1":8,"2":8,"3":8,"4":8,"5":8,"6":8,"7":8,"8":8,"9":2,"10":2,"11":2,"12":2,"13":2,"14":2,"15":2,"16":2,"17":0,"18":0,"19":2,"20":2,"21":1,"22":1,"23":1,"24":1,"25":1,"26":1,"27":0,"28":0,"29":0,"30":0,"31":0,"32":0,"33":0,"34":0,"35":0,"36":0,"37":0,"38":0,"39":0,"40":0,"41":0,"42":0,"43":0,"44":0,"45":0,"46":0,"47":0,"48":0,"49":0,"50":1,"51":1,"52":8,"53":8},"f":{"0":2,"1":0,"2":2,"3":0,"4":1},"b":{"0":[1],"1":[1],"2":[0],"3":[0],"4":[0,0],"5":[0],"6":[0,0],"7":[0],"8":[0,0],"9":[0],"10":[1,1],"11":[0,1],"12":[8,0],"13":[8,8],"14":[8,0],"15":[8,8]}}
,"/Users/hid/Developer/kickstand/apps/api/src/config/env.config.ts": {"path":"/Users/hid/Developer/kickstand/apps/api/src/config/env.config.ts","statementMap":{"0":{"start":{"line":1,"column":25},"end":{"line":10,"column":2}},"1":{"start":{"line":1,"column":32},"end":{"line":10,"column":2}},"2":{"start":{"line":1,"column":13},"end":{"line":1,"column":25}}},"fnMap":{"0":{"name":"(anonymous_0)","decl":{"start":{"line":1,"column":25},"end":{"line":1,"column":28}},"loc":{"start":{"line":1,"column":32},"end":{"line":10,"column":2}}}},"branchMap":{"0":{"loc":{"start":{"line":2,"column":17},"end":{"line":2,"column":43}},"type":"binary-expr","locations":[{"start":{"line":2,"column":17},"end":{"line":2,"column":33}},{"start":{"line":2,"column":37},"end":{"line":2,"column":43}}]}},"s":{"0":0,"1":0,"2":0},"f":{"0":0},"b":{"0":[0,0]}}
,"/Users/hid/Developer/kickstand/apps/api/src/database/database.module.ts": {"path":"/Users/hid/Developer/kickstand/apps/api/src/database/database.module.ts","statementMap":{"0":{"start":{"line":1,"column":0},"end":{"line":1,"column":56}},"1":{"start":{"line":2,"column":0},"end":{"line":2,"column":47}},"2":{"start":{"line":3,"column":0},"end":{"line":3,"column":50}},"3":{"start":{"line":4,"column":0},"end":{"line":4,"column":32}},"4":{"start":{"line":5,"column":0},"end":{"line":5,"column":35}},"5":{"start":{"line":7,"column":13},"end":{"line":7,"column":41}},"6":{"start":{"line":9,"column":15},"end":{"line":9,"column":43}},"7":{"start":{"line":35,"column":7},"end":{"line":35,"column":null}},"8":{"start":{"line":35,"column":13},"end":{"line":35,"column":27}},"9":{"start":{"line":35,"column":13},"end":{"line":35,"column":null}},"10":{"start":{"line":18,"column":33},"end":{"line":19,"column":null}},"11":{"start":{"line":21,"column":23},"end":{"line":21,"column":49}},"12":{"start":{"line":22,"column":19},"end":{"line":22,"column":46}},"13":{"start":{"line":25,"column":19},"end":{"line":25,"column":29}},"14":{"start":{"line":26,"column":8},"end":{"line":26,"column":31}},"15":{"start":{"line":27,"column":8},"end":{"line":27,"column":66}},"16":{"start":{"line":29,"column":8},"end":{"line":29,"column":18}}},"fnMap":{"0":{"name":"(anonymous_11)","decl":{"start":{"line":17,"column":18},"end":{"line":17,"column":23}},"loc":{"start":{"line":17,"column":57},"end":{"line":30,"column":7}}}},"branchMap":{},"s":{"0":23,"1":23,"2":23,"3":23,"4":23,"5":23,"6":23,"7":23,"8":23,"9":23,"10":0,"11":0,"12":0,"13":0,"14":0,"15":0,"16":0},"f":{"0":0},"b":{}}
,"/Users/hid/Developer/kickstand/apps/api/src/database/schema.ts": {"path":"/Users/hid/Developer/kickstand/apps/api/src/database/schema.ts","statementMap":{"0":{"start":{"line":1,"column":0},"end":{"line":1,"column":null}},"1":{"start":{"line":13,"column":0},"end":{"line":13,"column":34}},"2":{"start":{"line":14,"column":0},"end":{"line":14,"column":66}},"3":{"start":{"line":16,"column":13},"end":{"line":19,"column":3}},"4":{"start":{"line":21,"column":13},"end":{"line":34,"column":3}},"5":{"start":{"line":36,"column":13},"end":{"line":56,"column":2}},"6":{"start":{"line":53,"column":13},"end":{"line":55,"column":null}},"7":{"start":{"line":58,"column":13},"end":{"line":93,"column":2}},"8":{"start":{"line":64,"column":24},"end":{"line":64,"column":32}},"9":{"start":{"line":77,"column":51},"end":{"line":77,"column":65}},"10":{"start":{"line":85,"column":13},"end":{"line":92,"column":null}},"11":{"start":{"line":95,"column":13},"end":{"line":104,"column":3}},"12":{"start":{"line":100,"column":22},"end":{"line":100,"column":38}},"13":{"start":{"line":106,"column":13},"end":{"line":121,"column":3}},"14":{"start":{"line":123,"column":13},"end":{"line":155,"column":2}},"15":{"start":{"line":129,"column":24},"end":{"line":129,"column":32}},"16":{"start":{"line":130,"column":53},"end":{"line":130,"column":65}},"17":{"start":{"line":133,"column":24},"end":{"line":133,"column":40}},"18":{"start":{"line":147,"column":13},"end":{"line":154,"column":null}},"19":{"start":{"line":157,"column":13},"end":{"line":169,"column":3}},"20":{"start":{"line":161,"column":22},"end":{"line":161,"column":34}},"21":{"start":{"line":164,"column":22},"end":{"line":164,"column":38}},"22":{"start":{"line":171,"column":13},"end":{"line":194,"column":2}},"23":{"start":{"line":177,"column":24},"end":{"line":177,"column":32}},"24":{"start":{"line":180,"column":24},"end":{"line":180,"column":32}},"25":{"start":{"line":186,"column":13},"end":{"line":193,"column":null}},"26":{"start":{"line":196,"column":13},"end":{"line":221,"column":2}},"27":{"start":{"line":202,"column":24},"end":{"line":202,"column":32}},"28":{"start":{"line":213,"column":13},"end":{"line":220,"column":null}}},"fnMap":{"0":{"name":"(anonymous_0)","decl":{"start":{"line":53,"column":2},"end":{"line":53,"column":3}},"loc":{"start":{"line":53,"column":13},"end":{"line":55,"column":null}}},"1":{"name":"(anonymous_1)","decl":{"start":{"line":64,"column":18},"end":{"line":64,"column":21}},"loc":{"start":{"line":64,"column":24},"end":{"line":64,"column":32}}},"2":{"name":"(anonymous_2)","decl":{"start":{"line":77,"column":45},"end":{"line":77,"column":48}},"loc":{"start":{"line":77,"column":51},"end":{"line":77,"column":65}}},"3":{"name":"(anonymous_3)","decl":{"start":{"line":85,"column":2},"end":{"line":85,"column":3}},"loc":{"start":{"line":85,"column":13},"end":{"line":92,"column":null}}},"4":{"name":"(anonymous_4)","decl":{"start":{"line":100,"column":16},"end":{"line":100,"column":19}},"loc":{"start":{"line":100,"column":22},"end":{"line":100,"column":38}}},"5":{"name":"(anonymous_5)","decl":{"start":{"line":129,"column":18},"end":{"line":129,"column":21}},"loc":{"start":{"line":129,"column":24},"end":{"line":129,"column":32}}},"6":{"name":"(anonymous_6)","decl":{"start":{"line":130,"column":47},"end":{"line":130,"column":50}},"loc":{"start":{"line":130,"column":53},"end":{"line":130,"column":65}}},"7":{"name":"(anonymous_7)","decl":{"start":{"line":133,"column":18},"end":{"line":133,"column":21}},"loc":{"start":{"line":133,"column":24},"end":{"line":133,"column":40}}},"8":{"name":"(anonymous_8)","decl":{"start":{"line":147,"column":2},"end":{"line":147,"column":3}},"loc":{"start":{"line":147,"column":13},"end":{"line":154,"column":null}}},"9":{"name":"(anonymous_9)","decl":{"start":{"line":161,"column":16},"end":{"line":161,"column":19}},"loc":{"start":{"line":161,"column":22},"end":{"line":161,"column":34}}},"10":{"name":"(anonymous_10)","decl":{"start":{"line":164,"column":16},"end":{"line":164,"column":19}},"loc":{"start":{"line":164,"column":22},"end":{"line":164,"column":38}}},"11":{"name":"(anonymous_11)","decl":{"start":{"line":177,"column":18},"end":{"line":177,"column":21}},"loc":{"start":{"line":177,"column":24},"end":{"line":177,"column":32}}},"12":{"name":"(anonymous_12)","decl":{"start":{"line":180,"column":18},"end":{"line":180,"column":21}},"loc":{"start":{"line":180,"column":24},"end":{"line":180,"column":32}}},"13":{"name":"(anonymous_13)","decl":{"start":{"line":186,"column":2},"end":{"line":186,"column":3}},"loc":{"start":{"line":186,"column":13},"end":{"line":193,"column":null}}},"14":{"name":"(anonymous_14)","decl":{"start":{"line":202,"column":18},"end":{"line":202,"column":21}},"loc":{"start":{"line":202,"column":24},"end":{"line":202,"column":32}}},"15":{"name":"(anonymous_15)","decl":{"start":{"line":213,"column":2},"end":{"line":213,"column":3}},"loc":{"start":{"line":213,"column":13},"end":{"line":220,"column":null}}}},"branchMap":{},"s":{"0":23,"1":23,"2":23,"3":23,"4":23,"5":23,"6":0,"7":23,"8":0,"9":0,"10":0,"11":23,"12":0,"13":23,"14":23,"15":0,"16":0,"17":0,"18":0,"19":23,"20":0,"21":0,"22":23,"23":0,"24":0,"25":0,"26":23,"27":0,"28":0},"f":{"0":0,"1":0,"2":0,"3":0,"4":0,"5":0,"6":0,"7":0,"8":0,"9":0,"10":0,"11":0,"12":0,"13":0,"14":0,"15":0},"b":{}}
,"/Users/hid/Developer/kickstand/apps/api/src/modules/attention/attention.controller.ts": {"path":"/Users/hid/Developer/kickstand/apps/api/src/modules/attention/attention.controller.ts","statementMap":{"0":{"start":{"line":1,"column":0},"end":{"line":1,"column":67}},"1":{"start":{"line":2,"column":0},"end":{"line":2,"column":76}},"2":{"start":{"line":3,"column":0},"end":{"line":3,"column":77}},"3":{"start":{"line":5,"column":0},"end":{"line":5,"column":55}},"4":{"start":{"line":9,"column":7},"end":{"line":16,"column":null}},"5":{"start":{"line":10,"column":31},"end":{"line":10,"column":49}},"6":{"start":{"line":14,"column":4},"end":{"line":14,"column":61}},"7":{"start":{"line":9,"column":13},"end":{"line":9,"column":32}},"8":{"start":{"line":13,"column":2},"end":{"line":15,"column":null}},"9":{"start":{"line":9,"column":13},"end":{"line":16,"column":null}}},"fnMap":{"0":{"name":"(anonymous_4)","decl":{"start":{"line":10,"column":2},"end":{"line":10,"column":31}},"loc":{"start":{"line":10,"column":65},"end":{"line":10,"column":69}}},"1":{"name":"(anonymous_5)","decl":{"start":{"line":13,"column":2},"end":{"line":13,"column":14}},"loc":{"start":{"line":13,"column":77},"end":{"line":15,"column":3}}}},"branchMap":{"0":{"loc":{"start":{"line":10,"column":49},"end":{"line":10,"column":68}},"type":"cond-expr","locations":[{"start":{"line":10,"column":65},"end":{"line":10,"column":68}},{"start":{"line":10,"column":65},"end":{"line":10,"column":68}}]},"1":{"loc":{"start":{"line":10,"column":49},"end":{"line":10,"column":65}},"type":"binary-expr","locations":[{"start":{"line":10,"column":49},"end":{"line":10,"column":68}},{"start":{"line":10,"column":49},"end":{"line":10,"column":65}}]}},"s":{"0":1,"1":1,"2":1,"3":1,"4":1,"5":1,"6":1,"7":1,"8":1,"9":1},"f":{"0":1,"1":1},"b":{"0":[1,0],"1":[1,1]}}
,"/Users/hid/Developer/kickstand/apps/api/src/modules/attention/attention.module.ts": {"path":"/Users/hid/Developer/kickstand/apps/api/src/modules/attention/attention.module.ts","statementMap":{"0":{"start":{"line":1,"column":0},"end":{"line":1,"column":40}},"1":{"start":{"line":2,"column":0},"end":{"line":2,"column":52}},"2":{"start":{"line":3,"column":0},"end":{"line":3,"column":90}},"3":{"start":{"line":4,"column":0},"end":{"line":4,"column":87}},"4":{"start":{"line":5,"column":0},"end":{"line":5,"column":61}},"5":{"start":{"line":6,"column":0},"end":{"line":6,"column":55}},"6":{"start":{"line":13,"column":7},"end":{"line":13,"column":null}},"7":{"start":{"line":13,"column":13},"end":{"line":13,"column":28}},"8":{"start":{"line":13,"column":13},"end":{"line":13,"column":null}}},"fnMap":{},"branchMap":{},"s":{"0":0,"1":0,"2":0,"3":0,"4":0,"5":0,"6":0,"7":0,"8":0},"f":{},"b":{}}
,"/Users/hid/Developer/kickstand/apps/api/src/modules/attention/attention.service.ts": {"path":"/Users/hid/Developer/kickstand/apps/api/src/modules/attention/attention.service.ts","statementMap":{"0":{"start":{"line":1,"column":0},"end":{"line":1,"column":44}},"1":{"start":{"line":2,"column":0},"end":{"line":2,"column":54}},"2":{"start":{"line":3,"column":0},"end":{"line":3,"column":92}},"3":{"start":{"line":4,"column":0},"end":{"line":4,"column":89}},"4":{"start":{"line":12,"column":7},"end":{"line":63,"column":null}},"5":{"start":{"line":14,"column":21},"end":{"line":14,"column":35}},"6":{"start":{"line":15,"column":21},"end":{"line":15,"column":47}},"7":{"start":{"line":16,"column":21},"end":{"line":16,"column":46}},"8":{"start":{"line":20,"column":17},"end":{"line":20,"column":70}},"9":{"start":{"line":22,"column":38},"end":{"line":25,"column":6}},"10":{"start":{"line":27,"column":35},"end":{"line":30,"column":6}},"11":{"start":{"line":28,"column":33},"end":{"line":28,"column":75}},"12":{"start":{"line":29,"column":32},"end":{"line":29,"column":73}},"13":{"start":{"line":32,"column":4},"end":{"line":32,"column":50}},"14":{"start":{"line":32,"column":25},"end":{"line":32,"column":48}},"15":{"start":{"line":34,"column":20},"end":{"line":34,"column":41}},"16":{"start":{"line":36,"column":4},"end":{"line":44,"column":6}},"17":{"start":{"line":48,"column":38},"end":{"line":54,"column":6}},"18":{"start":{"line":55,"column":4},"end":{"line":59,"column":5}},"19":{"start":{"line":56,"column":6},"end":{"line":58,"column":24}},"20":{"start":{"line":56,"column":37},"end":{"line":56,"column":55}},"21":{"start":{"line":57,"column":11},"end":{"line":58,"column":24}},"22":{"start":{"line":57,"column":46},"end":{"line":57,"column":68}},"23":{"start":{"line":58,"column":11},"end":{"line":58,"column":24}},"24":{"start":{"line":60,"column":4},"end":{"line":60,"column":67}},"25":{"start":{"line":61,"column":4},"end":{"line":61,"column":19}},"26":{"start":{"line":12,"column":13},"end":{"line":12,"column":29}},"27":{"start":{"line":12,"column":13},"end":{"line":63,"column":null}}},"fnMap":{"0":{"name":"(anonymous_2)","decl":{"start":{"line":13,"column":2},"end":{"line":13,"column":null}},"loc":{"start":{"line":16,"column":69},"end":{"line":17,"column":6}}},"1":{"name":"(anonymous_3)","decl":{"start":{"line":19,"column":2},"end":{"line":19,"column":7}},"loc":{"start":{"line":19,"column":49},"end":{"line":45,"column":3}}},"2":{"name":"(anonymous_4)","decl":{"start":{"line":28,"column":25},"end":{"line":28,"column":26}},"loc":{"start":{"line":28,"column":33},"end":{"line":28,"column":75}}},"3":{"name":"(anonymous_5)","decl":{"start":{"line":29,"column":24},"end":{"line":29,"column":25}},"loc":{"start":{"line":29,"column":32},"end":{"line":29,"column":73}}},"4":{"name":"(anonymous_6)","decl":{"start":{"line":32,"column":15},"end":{"line":32,"column":16}},"loc":{"start":{"line":32,"column":25},"end":{"line":32,"column":48}}},"5":{"name":"(anonymous_7)","decl":{"start":{"line":47,"column":10},"end":{"line":47,"column":19}},"loc":{"start":{"line":47,"column":42},"end":{"line":62,"column":3}}}},"branchMap":{"0":{"loc":{"start":{"line":56,"column":6},"end":{"line":58,"column":24}},"type":"if","locations":[{"start":{"line":56,"column":6},"end":{"line":58,"column":24}},{"start":{"line":57,"column":11},"end":{"line":58,"column":24}}]},"1":{"loc":{"start":{"line":57,"column":11},"end":{"line":58,"column":24}},"type":"if","locations":[{"start":{"line":57,"column":11},"end":{"line":58,"column":24}},{"start":{"line":58,"column":11},"end":{"line":58,"column":24}}]},"2":{"loc":{"start":{"line":14,"column":35},"end":{"line":14,"column":null}},"type":"cond-expr","locations":[{"start":{"line":14,"column":47},"end":{"line":14,"column":null}},{"start":{"line":14,"column":47},"end":{"line":14,"column":null}}]},"3":{"loc":{"start":{"line":14,"column":35},"end":{"line":14,"column":47}},"type":"binary-expr","locations":[{"start":{"line":14,"column":35},"end":{"line":14,"column":null}},{"start":{"line":14,"column":35},"end":{"line":14,"column":47}}]},"4":{"loc":{"start":{"line":14,"column":47},"end":{"line":15,"column":null}},"type":"cond-expr","locations":[{"start":{"line":15,"column":71},"end":{"line":15,"column":null}},{"start":{"line":15,"column":71},"end":{"line":15,"column":null}}]},"5":{"loc":{"start":{"line":14,"column":47},"end":{"line":15,"column":71}},"type":"binary-expr","locations":[{"start":{"line":14,"column":47},"end":{"line":15,"column":null}},{"start":{"line":15,"column":47},"end":{"line":15,"column":71}}]},"6":{"loc":{"start":{"line":15,"column":71},"end":{"line":16,"column":null}},"type":"cond-expr","locations":[{"start":{"line":16,"column":69},"end":{"line":16,"column":null}},{"start":{"line":16,"column":69},"end":{"line":16,"column":null}}]},"7":{"loc":{"start":{"line":15,"column":71},"end":{"line":16,"column":69}},"type":"binary-expr","locations":[{"start":{"line":15,"column":71},"end":{"line":16,"column":null}},{"start":{"line":16,"column":46},"end":{"line":16,"column":69}}]}},"s":{"0":1,"1":1,"2":1,"3":1,"4":1,"5":0,"6":0,"7":0,"8":0,"9":0,"10":0,"11":0,"12":0,"13":0,"14":0,"15":0,"16":0,"17":0,"18":0,"19":0,"20":0,"21":0,"22":0,"23":0,"24":0,"25":0,"26":1,"27":1},"f":{"0":0,"1":0,"2":0,"3":0,"4":0,"5":0},"b":{"0":[0,0],"1":[0,0],"2":[1,0],"3":[1,1],"4":[1,0],"5":[1,1],"6":[1,0],"7":[1,1]}}
,"/Users/hid/Developer/kickstand/apps/api/src/modules/auth/auth.controller.ts": {"path":"/Users/hid/Developer/kickstand/apps/api/src/modules/auth/auth.controller.ts","statementMap":{"0":{"start":{"line":1,"column":0},"end":{"line":1,"column":56}},"1":{"start":{"line":2,"column":0},"end":{"line":2,"column":66}},"2":{"start":{"line":3,"column":0},"end":{"line":3,"column":45}},"3":{"start":{"line":4,"column":0},"end":{"line":4,"column":49}},"4":{"start":{"line":5,"column":0},"end":{"line":5,"column":43}},"5":{"start":{"line":6,"column":0},"end":{"line":6,"column":47}},"6":{"start":{"line":10,"column":7},"end":{"line":27,"column":null}},"7":{"start":{"line":11,"column":22},"end":{"line":11,"column":35}},"8":{"start":{"line":15,"column":4},"end":{"line":15,"column":42}},"9":{"start":{"line":20,"column":4},"end":{"line":20,"column":39}},"10":{"start":{"line":25,"column":4},"end":{"line":25,"column":41}},"11":{"start":{"line":10,"column":13},"end":{"line":10,"column":27}},"12":{"start":{"line":14,"column":2},"end":{"line":16,"column":null}},"13":{"start":{"line":19,"column":2},"end":{"line":21,"column":null}},"14":{"start":{"line":24,"column":2},"end":{"line":26,"column":null}},"15":{"start":{"line":10,"column":13},"end":{"line":27,"column":null}}},"fnMap":{"0":{"name":"(anonymous_4)","decl":{"start":{"line":11,"column":2},"end":{"line":11,"column":22}},"loc":{"start":{"line":11,"column":46},"end":{"line":11,"column":50}}},"1":{"name":"(anonymous_5)","decl":{"start":{"line":14,"column":2},"end":{"line":14,"column":10}},"loc":{"start":{"line":14,"column":35},"end":{"line":16,"column":3}}},"2":{"name":"(anonymous_6)","decl":{"start":{"line":19,"column":2},"end":{"line":19,"column":7}},"loc":{"start":{"line":19,"column":29},"end":{"line":21,"column":3}}},"3":{"name":"(anonymous_7)","decl":{"start":{"line":24,"column":2},"end":{"line":24,"column":9}},"loc":{"start":{"line":24,"column":33},"end":{"line":26,"column":3}}}},"branchMap":{"0":{"loc":{"start":{"line":14,"column":24},"end":{"line":14,"column":null}},"type":"cond-expr","locations":[{"start":{"line":14,"column":35},"end":{"line":14,"column":null}},{"start":{"line":14,"column":35},"end":{"line":14,"column":null}}]},"1":{"loc":{"start":{"line":14,"column":24},"end":{"line":14,"column":35}},"type":"binary-expr","locations":[{"start":{"line":14,"column":24},"end":{"line":14,"column":null}},{"start":{"line":14,"column":24},"end":{"line":14,"column":35}}]},"2":{"loc":{"start":{"line":19,"column":21},"end":{"line":19,"column":null}},"type":"cond-expr","locations":[{"start":{"line":19,"column":29},"end":{"line":19,"column":null}},{"start":{"line":19,"column":29},"end":{"line":19,"column":null}}]},"3":{"loc":{"start":{"line":19,"column":21},"end":{"line":19,"column":29}},"type":"binary-expr","locations":[{"start":{"line":19,"column":21},"end":{"line":19,"column":null}},{"start":{"line":19,"column":21},"end":{"line":19,"column":29}}]},"4":{"loc":{"start":{"line":24,"column":23},"end":{"line":24,"column":null}},"type":"cond-expr","locations":[{"start":{"line":24,"column":33},"end":{"line":24,"column":null}},{"start":{"line":24,"column":33},"end":{"line":24,"column":null}}]},"5":{"loc":{"start":{"line":24,"column":23},"end":{"line":24,"column":33}},"type":"binary-expr","locations":[{"start":{"line":24,"column":23},"end":{"line":24,"column":null}},{"start":{"line":24,"column":23},"end":{"line":24,"column":33}}]},"6":{"loc":{"start":{"line":11,"column":35},"end":{"line":11,"column":49}},"type":"cond-expr","locations":[{"start":{"line":11,"column":46},"end":{"line":11,"column":49}},{"start":{"line":11,"column":46},"end":{"line":11,"column":49}}]},"7":{"loc":{"start":{"line":11,"column":35},"end":{"line":11,"column":46}},"type":"binary-expr","locations":[{"start":{"line":11,"column":35},"end":{"line":11,"column":49}},{"start":{"line":11,"column":35},"end":{"line":11,"column":46}}]}},"s":{"0":1,"1":1,"2":1,"3":1,"4":1,"5":1,"6":1,"7":3,"8":1,"9":1,"10":1,"11":1,"12":1,"13":1,"14":1,"15":1},"f":{"0":3,"1":1,"2":1,"3":1},"b":{"0":[1,0],"1":[1,1],"2":[1,0],"3":[1,1],"4":[1,0],"5":[1,1],"6":[1,0],"7":[1,1]}}
,"/Users/hid/Developer/kickstand/apps/api/src/modules/auth/auth.module.ts": {"path":"/Users/hid/Developer/kickstand/apps/api/src/modules/auth/auth.module.ts","statementMap":{"0":{"start":{"line":1,"column":0},"end":{"line":1,"column":40}},"1":{"start":{"line":2,"column":0},"end":{"line":2,"column":51}},"2":{"start":{"line":3,"column":0},"end":{"line":3,"column":45}},"3":{"start":{"line":10,"column":7},"end":{"line":10,"column":null}},"4":{"start":{"line":10,"column":13},"end":{"line":10,"column":23}},"5":{"start":{"line":10,"column":13},"end":{"line":10,"column":null}}},"fnMap":{},"branchMap":{},"s":{"0":0,"1":0,"2":0,"3":0,"4":0,"5":0},"f":{},"b":{}}
,"/Users/hid/Developer/kickstand/apps/api/src/modules/auth/auth.service.ts": {"path":"/Users/hid/Developer/kickstand/apps/api/src/modules/auth/auth.service.ts","statementMap":{"0":{"start":{"line":1,"column":0},"end":{"line":1,"column":null}},"1":{"start":{"line":7,"column":0},"end":{"line":7,"column":47}},"2":{"start":{"line":8,"column":0},"end":{"line":8,"column":69}},"3":{"start":{"line":9,"column":0},"end":{"line":9,"column":57}},"4":{"start":{"line":11,"column":0},"end":{"line":11,"column":48}},"5":{"start":{"line":23,"column":7},"end":{"line":138,"column":null}},"6":{"start":{"line":27,"column":38},"end":{"line":27,"column":51}},"7":{"start":{"line":28,"column":21},"end":{"line":28,"column":36}},"8":{"start":{"line":30,"column":16},"end":{"line":30,"column":69}},"9":{"start":{"line":31,"column":27},"end":{"line":32,"column":null}},"10":{"start":{"line":35,"column":4},"end":{"line":40,"column":7}},"11":{"start":{"line":44,"column":4},"end":{"line":48,"column":6}},"12":{"start":{"line":55,"column":4},"end":{"line":61,"column":6}},"13":{"start":{"line":65,"column":38},"end":{"line":65,"column":41}},"14":{"start":{"line":68,"column":6},"end":{"line":72,"column":8}},"15":{"start":{"line":74,"column":4},"end":{"line":78,"column":5}},"16":{"start":{"line":75,"column":6},"end":{"line":77,"column":8}},"17":{"start":{"line":80,"column":19},"end":{"line":80,"column":35}},"18":{"start":{"line":82,"column":4},"end":{"line":94,"column":5}},"19":{"start":{"line":83,"column":6},"end":{"line":90,"column":11}},"20":{"start":{"line":92,"column":6},"end":{"line":92,"column":56}},"21":{"start":{"line":93,"column":6},"end":{"line":93,"column":20}},"22":{"start":{"line":97,"column":6},"end":{"line":97,"column":70}},"23":{"start":{"line":99,"column":4},"end":{"line":103,"column":5}},"24":{"start":{"line":100,"column":6},"end":{"line":102,"column":8}},"25":{"start":{"line":105,"column":4},"end":{"line":105,"column":73}},"26":{"start":{"line":109,"column":32},"end":{"line":109,"column":35}},"27":{"start":{"line":111,"column":28},"end":{"line":114,"column":6}},"28":{"start":{"line":116,"column":4},"end":{"line":118,"column":5}},"29":{"start":{"line":117,"column":6},"end":{"line":117,"column":79}},"30":{"start":{"line":120,"column":4},"end":{"line":120,"column":59}},"31":{"start":{"line":124,"column":30},"end":{"line":124,"column":33}},"32":{"start":{"line":126,"column":28},"end":{"line":128,"column":6}},"33":{"start":{"line":130,"column":4},"end":{"line":134,"column":5}},"34":{"start":{"line":131,"column":6},"end":{"line":133,"column":8}},"35":{"start":{"line":136,"column":4},"end":{"line":136,"column":49}},"36":{"start":{"line":23,"column":13},"end":{"line":23,"column":24}},"37":{"start":{"line":23,"column":13},"end":{"line":138,"column":null}}},"fnMap":{"0":{"name":"(anonymous_13)","decl":{"start":{"line":26,"column":2},"end":{"line":26,"column":null}},"loc":{"start":{"line":28,"column":49},"end":{"line":41,"column":3}}},"1":{"name":"(anonymous_14)","decl":{"start":{"line":43,"column":10},"end":{"line":43,"column":28}},"loc":{"start":{"line":43,"column":53},"end":{"line":49,"column":3}}},"2":{"name":"(anonymous_15)","decl":{"start":{"line":51,"column":10},"end":{"line":51,"column":27}},"loc":{"start":{"line":53,"column":47},"end":{"line":62,"column":3}}},"3":{"name":"(anonymous_16)","decl":{"start":{"line":64,"column":2},"end":{"line":64,"column":7}},"loc":{"start":{"line":64,"column":33},"end":{"line":106,"column":3}}},"4":{"name":"(anonymous_17)","decl":{"start":{"line":108,"column":2},"end":{"line":108,"column":7}},"loc":{"start":{"line":108,"column":27},"end":{"line":121,"column":3}}},"5":{"name":"(anonymous_18)","decl":{"start":{"line":123,"column":2},"end":{"line":123,"column":7}},"loc":{"start":{"line":123,"column":31},"end":{"line":137,"column":3}}}},"branchMap":{"0":{"loc":{"start":{"line":74,"column":4},"end":{"line":78,"column":5}},"type":"if","locations":[{"start":{"line":74,"column":4},"end":{"line":78,"column":5}}]},"1":{"loc":{"start":{"line":74,"column":8},"end":{"line":74,"column":36}},"type":"binary-expr","locations":[{"start":{"line":74,"column":8},"end":{"line":74,"column":17}},{"start":{"line":74,"column":21},"end":{"line":74,"column":36}}]},"2":{"loc":{"start":{"line":76,"column":8},"end":{"line":76,"column":53}},"type":"binary-expr","locations":[{"start":{"line":76,"column":8},"end":{"line":76,"column":26}},{"start":{"line":76,"column":30},"end":{"line":76,"column":53}}]},"3":{"loc":{"start":{"line":99,"column":4},"end":{"line":103,"column":5}},"type":"if","locations":[{"start":{"line":99,"column":4},"end":{"line":103,"column":5}}]},"4":{"loc":{"start":{"line":99,"column":8},"end":{"line":99,"column":45}},"type":"binary-expr","locations":[{"start":{"line":99,"column":8},"end":{"line":99,"column":20}},{"start":{"line":99,"column":24},"end":{"line":99,"column":45}}]},"5":{"loc":{"start":{"line":101,"column":8},"end":{"line":101,"column":71}},"type":"binary-expr","locations":[{"start":{"line":101,"column":8},"end":{"line":101,"column":29}},{"start":{"line":101,"column":33},"end":{"line":101,"column":71}}]},"6":{"loc":{"start":{"line":116,"column":4},"end":{"line":118,"column":5}},"type":"if","locations":[{"start":{"line":116,"column":4},"end":{"line":118,"column":5}}]},"7":{"loc":{"start":{"line":116,"column":8},"end":{"line":116,"column":31}},"type":"binary-expr","locations":[{"start":{"line":116,"column":8},"end":{"line":116,"column":13}},{"start":{"line":116,"column":17},"end":{"line":116,"column":31}}]},"8":{"loc":{"start":{"line":117,"column":38},"end":{"line":117,"column":77}},"type":"binary-expr","locations":[{"start":{"line":117,"column":38},"end":{"line":117,"column":52}},{"start":{"line":117,"column":56},"end":{"line":117,"column":77}}]},"9":{"loc":{"start":{"line":130,"column":4},"end":{"line":134,"column":5}},"type":"if","locations":[{"start":{"line":130,"column":4},"end":{"line":134,"column":5}}]},"10":{"loc":{"start":{"line":130,"column":8},"end":{"line":130,"column":31}},"type":"binary-expr","locations":[{"start":{"line":130,"column":8},"end":{"line":130,"column":13}},{"start":{"line":130,"column":17},"end":{"line":130,"column":31}}]},"11":{"loc":{"start":{"line":132,"column":8},"end":{"line":132,"column":49}},"type":"binary-expr","locations":[{"start":{"line":132,"column":8},"end":{"line":132,"column":22}},{"start":{"line":132,"column":26},"end":{"line":132,"column":49}}]},"12":{"loc":{"start":{"line":28,"column":36},"end":{"line":28,"column":null}},"type":"cond-expr","locations":[{"start":{"line":28,"column":49},"end":{"line":28,"column":null}},{"start":{"line":28,"column":49},"end":{"line":28,"column":null}}]},"13":{"loc":{"start":{"line":28,"column":36},"end":{"line":28,"column":49}},"type":"binary-expr","locations":[{"start":{"line":28,"column":36},"end":{"line":28,"column":null}},{"start":{"line":28,"column":36},"end":{"line":28,"column":49}}]}},"s":{"0":2,"1":2,"2":2,"3":2,"4":2,"5":2,"6":7,"7":7,"8":7,"9":7,"10":7,"11":3,"12":2,"13":3,"14":3,"15":3,"16":1,"17":2,"18":2,"19":2,"20":1,"21":1,"22":1,"23":1,"24":0,"25":1,"26":2,"27":2,"28":2,"29":1,"30":1,"31":2,"32":2,"33":2,"34":1,"35":1,"36":2,"37":2},"f":{"0":7,"1":3,"2":2,"3":3,"4":2,"5":2},"b":{"0":[1],"1":[3,2],"2":[1,0],"3":[0],"4":[1,1],"5":[0,0],"6":[1],"7":[2,1],"8":[1,0],"9":[1],"10":[2,1],"11":[1,0],"12":[2,0],"13":[2,2]}}
,"/Users/hid/Developer/kickstand/apps/api/src/modules/auth/dto/login.dto.ts": {"path":"/Users/hid/Developer/kickstand/apps/api/src/modules/auth/dto/login.dto.ts","statementMap":{"0":{"start":{"line":1,"column":0},"end":{"line":1,"column":52}},"1":{"start":{"line":3,"column":0},"end":{"line":3,"column":13}},"2":{"start":{"line":5,"column":2},"end":{"line":5,"column":null}},"3":{"start":{"line":8,"column":2},"end":{"line":8,"column":null}}},"fnMap":{},"branchMap":{},"s":{"0":1,"1":1,"2":1,"3":1},"f":{},"b":{}}
,"/Users/hid/Developer/kickstand/apps/api/src/modules/auth/dto/refresh.dto.ts": {"path":"/Users/hid/Developer/kickstand/apps/api/src/modules/auth/dto/refresh.dto.ts","statementMap":{"0":{"start":{"line":1,"column":0},"end":{"line":1,"column":43}},"1":{"start":{"line":3,"column":0},"end":{"line":3,"column":13}},"2":{"start":{"line":5,"column":2},"end":{"line":5,"column":null}}},"fnMap":{},"branchMap":{},"s":{"0":1,"1":1,"2":1},"f":{},"b":{}}
,"/Users/hid/Developer/kickstand/apps/api/src/modules/auth/dto/register.dto.ts": {"path":"/Users/hid/Developer/kickstand/apps/api/src/modules/auth/dto/register.dto.ts","statementMap":{"0":{"start":{"line":1,"column":0},"end":{"line":1,"column":63}},"1":{"start":{"line":3,"column":0},"end":{"line":3,"column":13}},"2":{"start":{"line":5,"column":2},"end":{"line":5,"column":null}},"3":{"start":{"line":9,"column":2},"end":{"line":9,"column":null}},"4":{"start":{"line":13,"column":2},"end":{"line":13,"column":null}}},"fnMap":{},"branchMap":{},"s":{"0":1,"1":1,"2":1,"3":1,"4":1},"f":{},"b":{}}
,"/Users/hid/Developer/kickstand/apps/api/src/modules/bike-catalog/bike-catalog.controller.ts": {"path":"/Users/hid/Developer/kickstand/apps/api/src/modules/bike-catalog/bike-catalog.controller.ts","statementMap":{"0":{"start":{"line":1,"column":0},"end":{"line":1,"column":63}},"1":{"start":{"line":2,"column":0},"end":{"line":2,"column":66}},"2":{"start":{"line":3,"column":0},"end":{"line":3,"column":60}},"3":{"start":{"line":4,"column":0},"end":{"line":4,"column":63}},"4":{"start":{"line":8,"column":7},"end":{"line":25,"column":null}},"5":{"start":{"line":9,"column":31},"end":{"line":9,"column":51}},"6":{"start":{"line":13,"column":4},"end":{"line":13,"column":50}},"7":{"start":{"line":18,"column":4},"end":{"line":18,"column":64}},"8":{"start":{"line":23,"column":4},"end":{"line":23,"column":51}},"9":{"start":{"line":8,"column":13},"end":{"line":8,"column":34}},"10":{"start":{"line":12,"column":2},"end":{"line":14,"column":null}},"11":{"start":{"line":17,"column":2},"end":{"line":19,"column":null}},"12":{"start":{"line":22,"column":2},"end":{"line":24,"column":null}},"13":{"start":{"line":8,"column":13},"end":{"line":25,"column":null}}},"fnMap":{"0":{"name":"(anonymous_4)","decl":{"start":{"line":9,"column":2},"end":{"line":9,"column":31}},"loc":{"start":{"line":9,"column":69},"end":{"line":9,"column":73}}},"1":{"name":"(anonymous_5)","decl":{"start":{"line":12,"column":2},"end":{"line":12,"column":10}},"loc":{"start":{"line":12,"column":10},"end":{"line":14,"column":3}}},"2":{"name":"(anonymous_6)","decl":{"start":{"line":17,"column":2},"end":{"line":17,"column":11}},"loc":{"start":{"line":17,"column":45},"end":{"line":19,"column":3}}},"3":{"name":"(anonymous_7)","decl":{"start":{"line":22,"column":2},"end":{"line":22,"column":8}},"loc":{"start":{"line":22,"column":32},"end":{"line":24,"column":3}}}},"branchMap":{"0":{"loc":{"start":{"line":17,"column":28},"end":{"line":17,"column":null}},"type":"cond-expr","locations":[{"start":{"line":17,"column":45},"end":{"line":17,"column":null}},{"start":{"line":17,"column":45},"end":{"line":17,"column":null}}]},"1":{"loc":{"start":{"line":17,"column":28},"end":{"line":17,"column":45}},"type":"binary-expr","locations":[{"start":{"line":17,"column":28},"end":{"line":17,"column":null}},{"start":{"line":17,"column":28},"end":{"line":17,"column":45}}]},"2":{"loc":{"start":{"line":9,"column":51},"end":{"line":9,"column":72}},"type":"cond-expr","locations":[{"start":{"line":9,"column":69},"end":{"line":9,"column":72}},{"start":{"line":9,"column":69},"end":{"line":9,"column":72}}]},"3":{"loc":{"start":{"line":9,"column":51},"end":{"line":9,"column":69}},"type":"binary-expr","locations":[{"start":{"line":9,"column":51},"end":{"line":9,"column":72}},{"start":{"line":9,"column":51},"end":{"line":9,"column":69}}]}},"s":{"0":1,"1":1,"2":1,"3":1,"4":1,"5":4,"6":1,"7":1,"8":1,"9":1,"10":1,"11":1,"12":1,"13":1},"f":{"0":4,"1":1,"2":1,"3":1},"b":{"0":[1,0],"1":[1,1],"2":[1,0],"3":[1,1]}}
,"/Users/hid/Developer/kickstand/apps/api/src/modules/bike-catalog/bike-catalog.module.ts": {"path":"/Users/hid/Developer/kickstand/apps/api/src/modules/bike-catalog/bike-catalog.module.ts","statementMap":{"0":{"start":{"line":1,"column":0},"end":{"line":1,"column":40}},"1":{"start":{"line":2,"column":0},"end":{"line":2,"column":66}},"2":{"start":{"line":3,"column":0},"end":{"line":3,"column":60}},"3":{"start":{"line":10,"column":7},"end":{"line":10,"column":null}},"4":{"start":{"line":10,"column":13},"end":{"line":10,"column":30}},"5":{"start":{"line":10,"column":13},"end":{"line":10,"column":null}}},"fnMap":{},"branchMap":{},"s":{"0":0,"1":0,"2":0,"3":0,"4":0,"5":0},"f":{},"b":{}}
,"/Users/hid/Developer/kickstand/apps/api/src/modules/bike-catalog/bike-catalog.service.ts": {"path":"/Users/hid/Developer/kickstand/apps/api/src/modules/bike-catalog/bike-catalog.service.ts","statementMap":{"0":{"start":{"line":1,"column":0},"end":{"line":1,"column":71}},"1":{"start":{"line":2,"column":0},"end":{"line":2,"column":38}},"2":{"start":{"line":3,"column":0},"end":{"line":3,"column":57}},"3":{"start":{"line":5,"column":0},"end":{"line":5,"column":48}},"4":{"start":{"line":8,"column":7},"end":{"line":39,"column":null}},"5":{"start":{"line":9,"column":48},"end":{"line":9,"column":61}},"6":{"start":{"line":12,"column":17},"end":{"line":15,"column":44}},"7":{"start":{"line":17,"column":4},"end":{"line":17,"column":35}},"8":{"start":{"line":17,"column":27},"end":{"line":17,"column":33}},"9":{"start":{"line":21,"column":4},"end":{"line":25,"column":46}},"10":{"start":{"line":29,"column":20},"end":{"line":32,"column":43}},"11":{"start":{"line":34,"column":4},"end":{"line":36,"column":5}},"12":{"start":{"line":35,"column":6},"end":{"line":35,"column":67}},"13":{"start":{"line":37,"column":4},"end":{"line":37,"column":17}},"14":{"start":{"line":8,"column":13},"end":{"line":8,"column":31}},"15":{"start":{"line":8,"column":13},"end":{"line":39,"column":null}}},"fnMap":{"0":{"name":"(anonymous_13)","decl":{"start":{"line":9,"column":2},"end":{"line":9,"column":15}},"loc":{"start":{"line":9,"column":61},"end":{"line":9,"column":65}}},"1":{"name":"(anonymous_14)","decl":{"start":{"line":11,"column":2},"end":{"line":11,"column":7}},"loc":{"start":{"line":11,"column":20},"end":{"line":18,"column":3}}},"2":{"name":"(anonymous_15)","decl":{"start":{"line":17,"column":20},"end":{"line":17,"column":21}},"loc":{"start":{"line":17,"column":27},"end":{"line":17,"column":33}}},"3":{"name":"(anonymous_16)","decl":{"start":{"line":20,"column":2},"end":{"line":20,"column":7}},"loc":{"start":{"line":20,"column":37},"end":{"line":26,"column":3}}},"4":{"name":"(anonymous_17)","decl":{"start":{"line":28,"column":2},"end":{"line":28,"column":7}},"loc":{"start":{"line":28,"column":30},"end":{"line":38,"column":3}}}},"branchMap":{"0":{"loc":{"start":{"line":34,"column":4},"end":{"line":36,"column":5}},"type":"if","locations":[{"start":{"line":34,"column":4},"end":{"line":36,"column":5}}]}},"s":{"0":8,"1":8,"2":8,"3":8,"4":8,"5":5,"6":1,"7":1,"8":3,"9":1,"10":2,"11":2,"12":1,"13":1,"14":8,"15":8},"f":{"0":5,"1":1,"2":3,"3":1,"4":2},"b":{"0":[1]}}
,"/Users/hid/Developer/kickstand/apps/api/src/modules/bike-catalog/dto/get-models-query.dto.ts": {"path":"/Users/hid/Developer/kickstand/apps/api/src/modules/bike-catalog/dto/get-models-query.dto.ts","statementMap":{"0":{"start":{"line":1,"column":0},"end":{"line":1,"column":55}},"1":{"start":{"line":3,"column":0},"end":{"line":3,"column":13}},"2":{"start":{"line":6,"column":2},"end":{"line":6,"column":null}}},"fnMap":{},"branchMap":{},"s":{"0":1,"1":1,"2":1},"f":{},"b":{}}
,"/Users/hid/Developer/kickstand/apps/api/src/modules/bikes/bikes.controller.ts": {"path":"/Users/hid/Developer/kickstand/apps/api/src/modules/bikes/bikes.controller.ts","statementMap":{"0":{"start":{"line":1,"column":0},"end":{"line":1,"column":null}},"1":{"start":{"line":10,"column":0},"end":{"line":10,"column":77}},"2":{"start":{"line":12,"column":0},"end":{"line":12,"column":47}},"3":{"start":{"line":13,"column":0},"end":{"line":13,"column":54}},"4":{"start":{"line":14,"column":0},"end":{"line":14,"column":54}},"5":{"start":{"line":15,"column":0},"end":{"line":15,"column":60}},"6":{"start":{"line":18,"column":7},"end":{"line":58,"column":null}},"7":{"start":{"line":19,"column":22},"end":{"line":19,"column":36}},"8":{"start":{"line":23,"column":4},"end":{"line":23,"column":52}},"9":{"start":{"line":28,"column":4},"end":{"line":28,"column":56}},"10":{"start":{"line":33,"column":4},"end":{"line":33,"column":50}},"11":{"start":{"line":42,"column":4},"end":{"line":42,"column":54}},"12":{"start":{"line":51,"column":4},"end":{"line":51,"column":61}},"13":{"start":{"line":56,"column":4},"end":{"line":56,"column":49}},"14":{"start":{"line":18,"column":13},"end":{"line":18,"column":28}},"15":{"start":{"line":22,"column":2},"end":{"line":24,"column":null}},"16":{"start":{"line":27,"column":2},"end":{"line":29,"column":null}},"17":{"start":{"line":32,"column":2},"end":{"line":34,"column":null}},"18":{"start":{"line":37,"column":2},"end":{"line":43,"column":null}},"19":{"start":{"line":46,"column":2},"end":{"line":52,"column":null}},"20":{"start":{"line":55,"column":2},"end":{"line":57,"column":null}},"21":{"start":{"line":18,"column":13},"end":{"line":58,"column":null}}},"fnMap":{"0":{"name":"(anonymous_4)","decl":{"start":{"line":19,"column":2},"end":{"line":19,"column":22}},"loc":{"start":{"line":19,"column":48},"end":{"line":19,"column":52}}},"1":{"name":"(anonymous_5)","decl":{"start":{"line":22,"column":2},"end":{"line":22,"column":9}},"loc":{"start":{"line":22,"column":39},"end":{"line":24,"column":3}}},"2":{"name":"(anonymous_6)","decl":{"start":{"line":27,"column":2},"end":{"line":27,"column":9}},"loc":{"start":{"line":27,"column":64},"end":{"line":29,"column":3}}},"3":{"name":"(anonymous_7)","decl":{"start":{"line":32,"column":2},"end":{"line":32,"column":8}},"loc":{"start":{"line":32,"column":66},"end":{"line":34,"column":3}}},"4":{"name":"(anonymous_8)","decl":{"start":{"line":37,"column":2},"end":{"line":37,"column":8}},"loc":{"start":{"line":40,"column":30},"end":{"line":43,"column":3}}},"5":{"name":"(anonymous_9)","decl":{"start":{"line":46,"column":2},"end":{"line":46,"column":15}},"loc":{"start":{"line":49,"column":33},"end":{"line":52,"column":3}}},"6":{"name":"(anonymous_10)","decl":{"start":{"line":55,"column":2},"end":{"line":55,"column":8}},"loc":{"start":{"line":55,"column":63},"end":{"line":57,"column":3}}}},"branchMap":{"0":{"loc":{"start":{"line":32,"column":53},"end":{"line":32,"column":null}},"type":"cond-expr","locations":[{"start":{"line":32,"column":66},"end":{"line":32,"column":null}},{"start":{"line":32,"column":66},"end":{"line":32,"column":null}}]},"1":{"loc":{"start":{"line":32,"column":53},"end":{"line":32,"column":66}},"type":"binary-expr","locations":[{"start":{"line":32,"column":53},"end":{"line":32,"column":null}},{"start":{"line":32,"column":53},"end":{"line":32,"column":66}}]},"2":{"loc":{"start":{"line":40,"column":17},"end":{"line":40,"column":null}},"type":"cond-expr","locations":[{"start":{"line":40,"column":30},"end":{"line":40,"column":null}},{"start":{"line":40,"column":30},"end":{"line":40,"column":null}}]},"3":{"loc":{"start":{"line":40,"column":17},"end":{"line":40,"column":30}},"type":"binary-expr","locations":[{"start":{"line":40,"column":17},"end":{"line":40,"column":null}},{"start":{"line":40,"column":17},"end":{"line":40,"column":30}}]},"4":{"loc":{"start":{"line":49,"column":17},"end":{"line":49,"column":null}},"type":"cond-expr","locations":[{"start":{"line":49,"column":33},"end":{"line":49,"column":null}},{"start":{"line":49,"column":33},"end":{"line":49,"column":null}}]},"5":{"loc":{"start":{"line":49,"column":17},"end":{"line":49,"column":33}},"type":"binary-expr","locations":[{"start":{"line":49,"column":17},"end":{"line":49,"column":null}},{"start":{"line":49,"column":17},"end":{"line":49,"column":33}}]},"6":{"loc":{"start":{"line":19,"column":36},"end":{"line":19,"column":51}},"type":"cond-expr","locations":[{"start":{"line":19,"column":48},"end":{"line":19,"column":51}},{"start":{"line":19,"column":48},"end":{"line":19,"column":51}}]},"7":{"loc":{"start":{"line":19,"column":36},"end":{"line":19,"column":48}},"type":"binary-expr","locations":[{"start":{"line":19,"column":36},"end":{"line":19,"column":51}},{"start":{"line":19,"column":36},"end":{"line":19,"column":48}}]}},"s":{"0":1,"1":1,"2":1,"3":1,"4":1,"5":1,"6":1,"7":5,"8":1,"9":0,"10":1,"11":1,"12":1,"13":1,"14":1,"15":1,"16":1,"17":1,"18":1,"19":1,"20":1,"21":1},"f":{"0":5,"1":1,"2":0,"3":1,"4":1,"5":1,"6":1},"b":{"0":[1,0],"1":[1,1],"2":[1,0],"3":[1,1],"4":[1,0],"5":[1,1],"6":[1,0],"7":[1,1]}}
,"/Users/hid/Developer/kickstand/apps/api/src/modules/bikes/bikes.module.ts": {"path":"/Users/hid/Developer/kickstand/apps/api/src/modules/bikes/bikes.module.ts","statementMap":{"0":{"start":{"line":1,"column":0},"end":{"line":1,"column":40}},"1":{"start":{"line":2,"column":0},"end":{"line":2,"column":53}},"2":{"start":{"line":3,"column":0},"end":{"line":3,"column":47}},"3":{"start":{"line":4,"column":0},"end":{"line":4,"column":72}},"4":{"start":{"line":12,"column":7},"end":{"line":12,"column":null}},"5":{"start":{"line":12,"column":13},"end":{"line":12,"column":24}},"6":{"start":{"line":12,"column":13},"end":{"line":12,"column":null}}},"fnMap":{},"branchMap":{},"s":{"0":0,"1":0,"2":0,"3":0,"4":0,"5":0,"6":0},"f":{},"b":{}}
,"/Users/hid/Developer/kickstand/apps/api/src/modules/bikes/bikes.service.ts": {"path":"/Users/hid/Developer/kickstand/apps/api/src/modules/bikes/bikes.service.ts","statementMap":{"0":{"start":{"line":1,"column":0},"end":{"line":1,"column":null}},"1":{"start":{"line":7,"column":0},"end":{"line":7,"column":38}},"2":{"start":{"line":8,"column":0},"end":{"line":8,"column":57}},"3":{"start":{"line":10,"column":0},"end":{"line":10,"column":48}},"4":{"start":{"line":14,"column":0},"end":{"line":14,"column":74}},"5":{"start":{"line":17,"column":7},"end":{"line":121,"column":null}},"6":{"start":{"line":19,"column":38},"end":{"line":19,"column":51}},"7":{"start":{"line":20,"column":21},"end":{"line":20,"column":41}},"8":{"start":{"line":24,"column":19},"end":{"line":24,"column":55}},"9":{"start":{"line":25,"column":19},"end":{"line":28,"column":18}},"10":{"start":{"line":29,"column":4},"end":{"line":29,"column":16}},"11":{"start":{"line":35,"column":4},"end":{"line":35,"column":35}},"12":{"start":{"line":35,"column":24},"end":{"line":35,"column":35}},"13":{"start":{"line":36,"column":20},"end":{"line":36,"column":76}},"14":{"start":{"line":37,"column":4},"end":{"line":43,"column":6}},"15":{"start":{"line":47,"column":17},"end":{"line":57,"column":45}},"16":{"start":{"line":59,"column":4},"end":{"line":62,"column":8}},"17":{"start":{"line":59,"column":45},"end":{"line":62,"column":6}},"18":{"start":{"line":66,"column":18},"end":{"line":76,"column":79}},"19":{"start":{"line":78,"column":4},"end":{"line":80,"column":5}},"20":{"start":{"line":79,"column":6},"end":{"line":79,"column":52}},"21":{"start":{"line":81,"column":4},"end":{"line":81,"column":59}},"22":{"start":{"line":85,"column":4},"end":{"line":85,"column":45}},"23":{"start":{"line":87,"column":22},"end":{"line":91,"column":18}},"24":{"start":{"line":92,"column":4},"end":{"line":92,"column":19}},"25":{"start":{"line":96,"column":17},"end":{"line":96,"column":57}},"26":{"start":{"line":98,"column":4},"end":{"line":102,"column":5}},"27":{"start":{"line":99,"column":6},"end":{"line":101,"column":8}},"28":{"start":{"line":104,"column":22},"end":{"line":108,"column":18}},"29":{"start":{"line":109,"column":4},"end":{"line":109,"column":19}},"30":{"start":{"line":113,"column":4},"end":{"line":113,"column":45}},"31":{"start":{"line":115,"column":22},"end":{"line":118,"column":18}},"32":{"start":{"line":119,"column":4},"end":{"line":119,"column":19}},"33":{"start":{"line":17,"column":13},"end":{"line":17,"column":25}},"34":{"start":{"line":17,"column":13},"end":{"line":121,"column":null}}},"fnMap":{"0":{"name":"(anonymous_13)","decl":{"start":{"line":18,"column":2},"end":{"line":18,"column":null}},"loc":{"start":{"line":20,"column":59},"end":{"line":21,"column":6}}},"1":{"name":"(anonymous_14)","decl":{"start":{"line":23,"column":2},"end":{"line":23,"column":7}},"loc":{"start":{"line":23,"column":49},"end":{"line":30,"column":3}}},"2":{"name":"(anonymous_15)","decl":{"start":{"line":32,"column":10},"end":{"line":32,"column":15}},"loc":{"start":{"line":33,"column":22},"end":{"line":44,"column":3}}},"3":{"name":"(anonymous_16)","decl":{"start":{"line":46,"column":2},"end":{"line":46,"column":7}},"loc":{"start":{"line":46,"column":36},"end":{"line":63,"column":3}}},"4":{"name":"(anonymous_17)","decl":{"start":{"line":59,"column":20},"end":{"line":59,"column":21}},"loc":{"start":{"line":59,"column":45},"end":{"line":62,"column":6}}},"5":{"name":"(anonymous_18)","decl":{"start":{"line":65,"column":2},"end":{"line":65,"column":7}},"loc":{"start":{"line":65,"column":52},"end":{"line":82,"column":3}}},"6":{"name":"(anonymous_19)","decl":{"start":{"line":84,"column":2},"end":{"line":84,"column":7}},"loc":{"start":{"line":84,"column":65},"end":{"line":93,"column":3}}},"7":{"name":"(anonymous_20)","decl":{"start":{"line":95,"column":2},"end":{"line":95,"column":7}},"loc":{"start":{"line":95,"column":75},"end":{"line":110,"column":3}}},"8":{"name":"(anonymous_21)","decl":{"start":{"line":112,"column":2},"end":{"line":112,"column":7}},"loc":{"start":{"line":112,"column":45},"end":{"line":120,"column":3}}}},"branchMap":{"0":{"loc":{"start":{"line":35,"column":4},"end":{"line":35,"column":35}},"type":"if","locations":[{"start":{"line":35,"column":4},"end":{"line":35,"column":35}}]},"1":{"loc":{"start":{"line":40,"column":16},"end":{"line":40,"column":45}},"type":"binary-expr","locations":[{"start":{"line":40,"column":16},"end":{"line":40,"column":32}},{"start":{"line":40,"column":36},"end":{"line":40,"column":45}}]},"2":{"loc":{"start":{"line":61,"column":16},"end":{"line":61,"column":32}},"type":"binary-expr","locations":[{"start":{"line":61,"column":16},"end":{"line":61,"column":24}},{"start":{"line":61,"column":28},"end":{"line":61,"column":32}}]},"3":{"loc":{"start":{"line":78,"column":4},"end":{"line":80,"column":5}},"type":"if","locations":[{"start":{"line":78,"column":4},"end":{"line":80,"column":5}}]},"4":{"loc":{"start":{"line":81,"column":36},"end":{"line":81,"column":56}},"type":"binary-expr","locations":[{"start":{"line":81,"column":36},"end":{"line":81,"column":48}},{"start":{"line":81,"column":52},"end":{"line":81,"column":56}}]},"5":{"loc":{"start":{"line":98,"column":4},"end":{"line":102,"column":5}},"type":"if","locations":[{"start":{"line":98,"column":4},"end":{"line":102,"column":5}}]},"6":{"loc":{"start":{"line":20,"column":41},"end":{"line":20,"column":null}},"type":"cond-expr","locations":[{"start":{"line":20,"column":59},"end":{"line":20,"column":null}},{"start":{"line":20,"column":59},"end":{"line":20,"column":null}}]},"7":{"loc":{"start":{"line":20,"column":41},"end":{"line":20,"column":59}},"type":"binary-expr","locations":[{"start":{"line":20,"column":41},"end":{"line":20,"column":null}},{"start":{"line":20,"column":41},"end":{"line":20,"column":59}}]}},"s":{"0":6,"1":6,"2":6,"3":6,"4":6,"5":6,"6":8,"7":8,"8":1,"9":1,"10":1,"11":1,"12":1,"13":0,"14":0,"15":1,"16":1,"17":2,"18":6,"19":6,"20":2,"21":4,"22":0,"23":0,"24":0,"25":3,"26":3,"27":2,"28":1,"29":1,"30":0,"31":0,"32":0,"33":6,"34":6},"f":{"0":8,"1":1,"2":1,"3":1,"4":2,"5":6,"6":0,"7":3,"8":0},"b":{"0":[1],"1":[0,0],"2":[2,2],"3":[2],"4":[4,4],"5":[2],"6":[6,0],"7":[6,6]}}
,"/Users/hid/Developer/kickstand/apps/api/src/modules/bikes/dto/create-bike.dto.ts": {"path":"/Users/hid/Developer/kickstand/apps/api/src/modules/bikes/dto/create-bike.dto.ts","statementMap":{"0":{"start":{"line":1,"column":0},"end":{"line":1,"column":null}},"1":{"start":{"line":12,"column":0},"end":{"line":12,"column":13}},"2":{"start":{"line":14,"column":2},"end":{"line":14,"column":null}},"3":{"start":{"line":19,"column":2},"end":{"line":19,"column":null}},"4":{"start":{"line":22,"column":2},"end":{"line":22,"column":null}},"5":{"start":{"line":25,"column":2},"end":{"line":25,"column":null}},"6":{"start":{"line":30,"column":2},"end":{"line":30,"column":null}},"7":{"start":{"line":34,"column":2},"end":{"line":34,"column":null}},"8":{"start":{"line":38,"column":2},"end":{"line":38,"column":null}},"9":{"start":{"line":42,"column":2},"end":{"line":42,"column":null}},"10":{"start":{"line":46,"column":2},"end":{"line":46,"column":null}},"11":{"start":{"line":50,"column":2},"end":{"line":50,"column":null}},"12":{"start":{"line":55,"column":2},"end":{"line":55,"column":null}},"13":{"start":{"line":59,"column":2},"end":{"line":59,"column":null}},"14":{"start":{"line":63,"column":2},"end":{"line":63,"column":null}}},"fnMap":{},"branchMap":{},"s":{"0":1,"1":1,"2":1,"3":1,"4":1,"5":1,"6":1,"7":1,"8":1,"9":1,"10":1,"11":1,"12":1,"13":1,"14":1},"f":{},"b":{}}
,"/Users/hid/Developer/kickstand/apps/api/src/modules/bikes/dto/update-bike.dto.ts": {"path":"/Users/hid/Developer/kickstand/apps/api/src/modules/bikes/dto/update-bike.dto.ts","statementMap":{"0":{"start":{"line":1,"column":0},"end":{"line":1,"column":null}},"1":{"start":{"line":12,"column":0},"end":{"line":12,"column":13}},"2":{"start":{"line":15,"column":2},"end":{"line":15,"column":null}},"3":{"start":{"line":21,"column":2},"end":{"line":21,"column":null}},"4":{"start":{"line":25,"column":2},"end":{"line":25,"column":null}},"5":{"start":{"line":29,"column":2},"end":{"line":29,"column":null}},"6":{"start":{"line":33,"column":2},"end":{"line":33,"column":null}},"7":{"start":{"line":37,"column":2},"end":{"line":37,"column":null}},"8":{"start":{"line":41,"column":2},"end":{"line":41,"column":null}},"9":{"start":{"line":45,"column":2},"end":{"line":45,"column":null}},"10":{"start":{"line":49,"column":2},"end":{"line":49,"column":null}},"11":{"start":{"line":54,"column":2},"end":{"line":54,"column":null}},"12":{"start":{"line":58,"column":2},"end":{"line":58,"column":null}},"13":{"start":{"line":62,"column":2},"end":{"line":62,"column":null}}},"fnMap":{},"branchMap":{},"s":{"0":1,"1":1,"2":1,"3":1,"4":1,"5":1,"6":1,"7":1,"8":1,"9":1,"10":1,"11":1,"12":1,"13":1},"f":{},"b":{}}
,"/Users/hid/Developer/kickstand/apps/api/src/modules/bikes/dto/update-mileage.dto.ts": {"path":"/Users/hid/Developer/kickstand/apps/api/src/modules/bikes/dto/update-mileage.dto.ts","statementMap":{"0":{"start":{"line":1,"column":0},"end":{"line":1,"column":45}},"1":{"start":{"line":3,"column":0},"end":{"line":3,"column":13}},"2":{"start":{"line":6,"column":2},"end":{"line":6,"column":null}}},"fnMap":{},"branchMap":{},"s":{"0":1,"1":1,"2":1},"f":{},"b":{}}
,"/Users/hid/Developer/kickstand/apps/api/src/modules/compliance-status/compliance-status.module.ts": {"path":"/Users/hid/Developer/kickstand/apps/api/src/modules/compliance-status/compliance-status.module.ts","statementMap":{"0":{"start":{"line":1,"column":0},"end":{"line":1,"column":40}},"1":{"start":{"line":2,"column":0},"end":{"line":2,"column":64}},"2":{"start":{"line":3,"column":0},"end":{"line":3,"column":70}},"3":{"start":{"line":10,"column":7},"end":{"line":10,"column":null}},"4":{"start":{"line":10,"column":13},"end":{"line":10,"column":35}},"5":{"start":{"line":10,"column":13},"end":{"line":10,"column":null}}},"fnMap":{},"branchMap":{},"s":{"0":0,"1":0,"2":0,"3":0,"4":0,"5":0},"f":{},"b":{}}
,"/Users/hid/Developer/kickstand/apps/api/src/modules/compliance-status/compliance-status.service.ts": {"path":"/Users/hid/Developer/kickstand/apps/api/src/modules/compliance-status/compliance-status.service.ts","statementMap":{"0":{"start":{"line":1,"column":0},"end":{"line":1,"column":71}},"1":{"start":{"line":2,"column":0},"end":{"line":2,"column":33}},"2":{"start":{"line":3,"column":0},"end":{"line":3,"column":57}},"3":{"start":{"line":5,"column":0},"end":{"line":5,"column":48}},"4":{"start":{"line":12,"column":58},"end":{"line":17,"column":2}},"5":{"start":{"line":19,"column":32},"end":{"line":19,"column":34}},"6":{"start":{"line":22,"column":13},"end":{"line":22,"column":42}},"7":{"start":{"line":23,"column":2},"end":{"line":23,"column":48}},"8":{"start":{"line":27,"column":2},"end":{"line":27,"column":49}},"9":{"start":{"line":27,"column":28},"end":{"line":27,"column":49}},"10":{"start":{"line":28,"column":2},"end":{"line":28,"column":65}},"11":{"start":{"line":28,"column":32},"end":{"line":28,"column":65}},"12":{"start":{"line":29,"column":2},"end":{"line":29,"column":35}},"13":{"start":{"line":33,"column":7},"end":{"line":79,"column":null}},"14":{"start":{"line":34,"column":48},"end":{"line":34,"column":61}},"15":{"start":{"line":37,"column":18},"end":{"line":41,"column":16}},"16":{"start":{"line":43,"column":4},"end":{"line":45,"column":5}},"17":{"start":{"line":44,"column":6},"end":{"line":44,"column":52}},"18":{"start":{"line":46,"column":17},"end":{"line":46,"column":null}},"19":{"start":{"line":50,"column":16},"end":{"line":50,"column":26}},"20":{"start":{"line":51,"column":4},"end":{"line":51,"column":32}},"21":{"start":{"line":53,"column":42},"end":{"line":53,"column":44}},"22":{"start":{"line":55,"column":4},"end":{"line":74,"column":5}},"23":{"start":{"line":56,"column":20},"end":{"line":56,"column":29}},"24":{"start":{"line":57,"column":6},"end":{"line":57,"column":27}},"25":{"start":{"line":57,"column":18},"end":{"line":57,"column":27}},"26":{"start":{"line":59,"column":21},"end":{"line":59,"column":36}},"27":{"start":{"line":60,"column":28},"end":{"line":60,"column":52}},"28":{"start":{"line":62,"column":37},"end":{"line":62,"column":41}},"29":{"start":{"line":63,"column":6},"end":{"line":64,"column":80}},"30":{"start":{"line":63,"column":29},"end":{"line":63,"column":48}},"31":{"start":{"line":64,"column":11},"end":{"line":64,"column":80}},"32":{"start":{"line":64,"column":57},"end":{"line":64,"column":80}},"33":{"start":{"line":66,"column":6},"end":{"line":73,"column":9}},"34":{"start":{"line":76,"column":4},"end":{"line":76,"column":50}},"35":{"start":{"line":76,"column":25},"end":{"line":76,"column":48}},"36":{"start":{"line":77,"column":4},"end":{"line":77,"column":17}},"37":{"start":{"line":33,"column":13},"end":{"line":33,"column":36}},"38":{"start":{"line":33,"column":13},"end":{"line":79,"column":null}}},"fnMap":{"0":{"name":"daysBetween","decl":{"start":{"line":21,"column":9},"end":{"line":21,"column":20}},"loc":{"start":{"line":21,"column":41},"end":{"line":24,"column":1}}},"1":{"name":"severityFor","decl":{"start":{"line":26,"column":9},"end":{"line":26,"column":20}},"loc":{"start":{"line":26,"column":68},"end":{"line":30,"column":1}}},"2":{"name":"(anonymous_15)","decl":{"start":{"line":34,"column":2},"end":{"line":34,"column":15}},"loc":{"start":{"line":34,"column":61},"end":{"line":34,"column":65}}},"3":{"name":"(anonymous_16)","decl":{"start":{"line":36,"column":2},"end":{"line":36,"column":7}},"loc":{"start":{"line":36,"column":37},"end":{"line":78,"column":3}}},"4":{"name":"(anonymous_17)","decl":{"start":{"line":76,"column":15},"end":{"line":76,"column":16}},"loc":{"start":{"line":76,"column":25},"end":{"line":76,"column":48}}}},"branchMap":{"0":{"loc":{"start":{"line":27,"column":2},"end":{"line":27,"column":49}},"type":"if","locations":[{"start":{"line":27,"column":2},"end":{"line":27,"column":49}}]},"1":{"loc":{"start":{"line":28,"column":2},"end":{"line":28,"column":65}},"type":"if","locations":[{"start":{"line":28,"column":2},"end":{"line":28,"column":65}}]},"2":{"loc":{"start":{"line":43,"column":4},"end":{"line":45,"column":5}},"type":"if","locations":[{"start":{"line":43,"column":4},"end":{"line":45,"column":5}}]},"3":{"loc":{"start":{"line":57,"column":6},"end":{"line":57,"column":27}},"type":"if","locations":[{"start":{"line":57,"column":6},"end":{"line":57,"column":27}}]},"4":{"loc":{"start":{"line":63,"column":6},"end":{"line":64,"column":80}},"type":"if","locations":[{"start":{"line":63,"column":6},"end":{"line":64,"column":80}},{"start":{"line":64,"column":11},"end":{"line":64,"column":80}}]},"5":{"loc":{"start":{"line":64,"column":11},"end":{"line":64,"column":80}},"type":"if","locations":[{"start":{"line":64,"column":11},"end":{"line":64,"column":80}}]}},"s":{"0":5,"1":5,"2":5,"3":5,"4":5,"5":5,"6":29,"7":29,"8":29,"9":2,"10":27,"11":23,"12":4,"13":5,"14":28,"15":27,"16":27,"17":1,"18":26,"19":26,"20":26,"21":26,"22":26,"23":104,"24":104,"25":75,"26":29,"27":29,"28":29,"29":29,"30":2,"31":27,"32":23,"33":29,"34":26,"35":5,"36":26,"37":5,"38":5},"f":{"0":29,"1":29,"2":28,"3":27,"4":5},"b":{"0":[2],"1":[23],"2":[1],"3":[75],"4":[2,27],"5":[23]}}
,"/Users/hid/Developer/kickstand/apps/api/src/modules/maintenance-status/maintenance-status.module.ts": {"path":"/Users/hid/Developer/kickstand/apps/api/src/modules/maintenance-status/maintenance-status.module.ts","statementMap":{"0":{"start":{"line":2,"column":0},"end":{"line":2,"column":40}},"1":{"start":{"line":3,"column":0},"end":{"line":3,"column":64}},"2":{"start":{"line":4,"column":0},"end":{"line":4,"column":72}},"3":{"start":{"line":11,"column":7},"end":{"line":11,"column":null}},"4":{"start":{"line":11,"column":13},"end":{"line":11,"column":36}},"5":{"start":{"line":11,"column":13},"end":{"line":11,"column":null}}},"fnMap":{},"branchMap":{},"s":{"0":0,"1":0,"2":0,"3":0,"4":0,"5":0},"f":{},"b":{}}
,"/Users/hid/Developer/kickstand/apps/api/src/modules/maintenance-status/maintenance-status.service.ts": {"path":"/Users/hid/Developer/kickstand/apps/api/src/modules/maintenance-status/maintenance-status.service.ts","statementMap":{"0":{"start":{"line":2,"column":0},"end":{"line":2,"column":71}},"1":{"start":{"line":3,"column":0},"end":{"line":3,"column":48}},"2":{"start":{"line":4,"column":0},"end":{"line":4,"column":57}},"3":{"start":{"line":6,"column":0},"end":{"line":6,"column":48}},"4":{"start":{"line":10,"column":2},"end":{"line":13,"column":15}},"5":{"start":{"line":12,"column":19},"end":{"line":12,"column":63}},"6":{"start":{"line":23,"column":20},"end":{"line":23,"column":77}},"7":{"start":{"line":24,"column":2},"end":{"line":24,"column":45}},"8":{"start":{"line":24,"column":28},"end":{"line":24,"column":45}},"9":{"start":{"line":25,"column":2},"end":{"line":25,"column":61}},"10":{"start":{"line":25,"column":32},"end":{"line":25,"column":61}},"11":{"start":{"line":26,"column":2},"end":{"line":26,"column":31}},"12":{"start":{"line":30,"column":7},"end":{"line":134,"column":null}},"13":{"start":{"line":31,"column":48},"end":{"line":31,"column":61}},"14":{"start":{"line":34,"column":18},"end":{"line":38,"column":16}},"15":{"start":{"line":40,"column":4},"end":{"line":42,"column":5}},"16":{"start":{"line":41,"column":6},"end":{"line":41,"column":52}},"17":{"start":{"line":43,"column":17},"end":{"line":43,"column":25}},"18":{"start":{"line":45,"column":22},"end":{"line":59,"column":16}},"19":{"start":{"line":61,"column":4},"end":{"line":61,"column":42}},"20":{"start":{"line":61,"column":32},"end":{"line":61,"column":42}},"21":{"start":{"line":63,"column":16},"end":{"line":63,"column":26}},"22":{"start":{"line":64,"column":43},"end":{"line":64,"column":45}},"23":{"start":{"line":66,"column":4},"end":{"line":129,"column":5}},"24":{"start":{"line":67,"column":19},"end":{"line":78,"column":18}},"25":{"start":{"line":80,"column":22},"end":{"line":80,"column":37}},"26":{"start":{"line":81,"column":26},"end":{"line":81,"column":57}},"27":{"start":{"line":82,"column":23},"end":{"line":82,"column":52}},"28":{"start":{"line":83,"column":29},"end":{"line":83,"column":48}},"29":{"start":{"line":85,"column":38},"end":{"line":85,"column":42}},"30":{"start":{"line":86,"column":35},"end":{"line":86,"column":39}},"31":{"start":{"line":87,"column":39},"end":{"line":87,"column":43}},"32":{"start":{"line":90,"column":6},"end":{"line":98,"column":7}},"33":{"start":{"line":91,"column":21},"end":{"line":91,"column":49}},"34":{"start":{"line":92,"column":8},"end":{"line":92,"column":45}},"35":{"start":{"line":93,"column":8},"end":{"line":97,"column":9}},"36":{"start":{"line":94,"column":10},"end":{"line":94,"column":29}},"37":{"start":{"line":95,"column":15},"end":{"line":97,"column":9}},"38":{"start":{"line":96,"column":10},"end":{"line":96,"column":33}},"39":{"start":{"line":101,"column":6},"end":{"line":114,"column":7}},"40":{"start":{"line":102,"column":21},"end":{"line":102,"column":39}},"41":{"start":{"line":104,"column":10},"end":{"line":105,"column":44}},"42":{"start":{"line":106,"column":8},"end":{"line":106,"column":62}},"43":{"start":{"line":107,"column":8},"end":{"line":113,"
[...]
,"/Users/hid/Developer/kickstand/apps/api/src/modules/users/dto/update-profile.dto.ts": {"path":"/Users/hid/Developer/kickstand/apps/api/src/modules/users/dto/update-profile.dto.ts","statementMap":{"0":{"start":{"line":1,"column":0},"end":{"line":1,"column":null}},"1":{"start":{"line":9,"column":0},"end":{"line":9,"column":13}},"2":{"start":{"line":14,"column":2},"end":{"line":14,"column":null}},"3":{"start":{"line":18,"column":2},"end":{"line":18,"column":null}}},"fnMap":{},"branchMap":{},"s":{"0":1,"1":1,"2":1,"3":1},"f":{},"b":{}}
,"/Users/hid/Developer/kickstand/apps/api/src/modules/workshops/workshops.controller.ts": {"path":"/Users/hid/Developer/kickstand/apps/api/src/modules/workshops/workshops.controller.ts","statementMap":{"0":{"start":{"line":1,"column":0},"end":{"line":1,"column":63}},"1":{"start":{"line":2,"column":0},"end":{"line":2,"column":55}},"2":{"start":{"line":3,"column":0},"end":{"line":3,"column":60}},"3":{"start":{"line":4,"column":0},"end":{"line":4,"column":66}},"4":{"start":{"line":7,"column":7},"end":{"line":27,"column":null}},"5":{"start":{"line":8,"column":22},"end":{"line":8,"column":40}},"6":{"start":{"line":12,"column":4},"end":{"line":12,"column":51}},"7":{"start":{"line":17,"column":4},"end":{"line":20,"column":6}},"8":{"start":{"line":25,"column":4},"end":{"line":25,"column":45}},"9":{"start":{"line":7,"column":13},"end":{"line":7,"column":32}},"10":{"start":{"line":11,"column":2},"end":{"line":13,"column":null}},"11":{"start":{"line":16,"column":2},"end":{"line":21,"column":null}},"12":{"start":{"line":24,"column":2},"end":{"line":26,"column":null}},"13":{"start":{"line":7,"column":13},"end":{"line":27,"column":null}}},"fnMap":{"0":{"name":"(anonymous_4)","decl":{"start":{"line":8,"column":2},"end":{"line":8,"column":22}},"loc":{"start":{"line":8,"column":56},"end":{"line":8,"column":60}}},"1":{"name":"(anonymous_5)","decl":{"start":{"line":11,"column":2},"end":{"line":11,"column":9}},"loc":{"start":{"line":11,"column":42},"end":{"line":13,"column":3}}},"2":{"name":"(anonymous_6)","decl":{"start":{"line":16,"column":2},"end":{"line":16,"column":9}},"loc":{"start":{"line":16,"column":45},"end":{"line":21,"column":3}}},"3":{"name":"(anonymous_7)","decl":{"start":{"line":24,"column":2},"end":{"line":24,"column":9}},"loc":{"start":{"line":24,"column":33},"end":{"line":26,"column":3}}}},"branchMap":{"0":{"loc":{"start":{"line":11,"column":26},"end":{"line":11,"column":null}},"type":"cond-expr","locations":[{"start":{"line":11,"column":42},"end":{"line":11,"column":null}},{"start":{"line":11,"column":42},"end":{"line":11,"column":null}}]},"1":{"loc":{"start":{"line":11,"column":26},"end":{"line":11,"column":42}},"type":"binary-expr","locations":[{"start":{"line":11,"column":26},"end":{"line":11,"column":null}},{"start":{"line":11,"column":26},"end":{"line":11,"column":42}}]},"2":{"loc":{"start":{"line":16,"column":26},"end":{"line":16,"column":null}},"type":"cond-expr","locations":[{"start":{"line":16,"column":45},"end":{"line":16,"column":null}},{"start":{"line":16,"column":45},"end":{"line":16,"column":null}}]},"3":{"loc":{"start":{"line":16,"column":26},"end":{"line":16,"column":45}},"type":"binary-expr","locations":[{"start":{"line":16,"column":26},"end":{"line":16,"column":null}},{"start":{"line":16,"column":26},"end":{"line":16,"column":45}}]},"4":{"loc":{"start":{"line":8,"column":40},"end":{"line":8,"column":59}},"type":"cond-expr","locations":[{"start":{"line":8,"column":56},"end":{"line":8,"column":59}},{"start":{"line":8,"column":56},"end":{"line":8,"column":59}}]},"5":{"loc":{"start":{"line":8,"column":40},"end":{"line":8,"column":56}},"type":"binary-expr","locations":[{"start":{"line":8,"column":40},"end":{"line":8,"column":59}},{"start":{"line":8,"column":40},"end":{"line":8,"column":56}}]}},"s":{"0":1,"1":1,"2":1,"3":1,"4":1,"5":3,"6":1,"7":1,"8":1,"9":1,"10":1,"11":1,"12":1,"13":1},"f":{"0":3,"1":1,"2":1,"3":1},"b":{"0":[1,0],"1":[1,1],"2":[1,0],"3":[1,1],"4":[1,0],"5":[1,1]}}
,"/Users/hid/Developer/kickstand/apps/api/src/modules/workshops/workshops.module.ts": {"path":"/Users/hid/Developer/kickstand/apps/api/src/modules/workshops/workshops.module.ts","statementMap":{"0":{"start":{"line":1,"column":0},"end":{"line":1,"column":40}},"1":{"start":{"line":2,"column":0},"end":{"line":2,"column":61}},"2":{"start":{"line":3,"column":0},"end":{"line":3,"column":55}},"3":{"start":{"line":10,"column":7},"end":{"line":10,"column":null}},"4":{"start":{"line":10,"column":13},"end":{"line":10,"column":28}},"5":{"start":{"line":10,"column":13},"end":{"line":10,"column":null}}},"fnMap":{},"branchMap":{},"s":{"0":0,"1":0,"2":0,"3":0,"4":0,"5":0},"f":{},"b":{}}
,"/Users/hid/Developer/kickstand/apps/api/src/modules/workshops/workshops.service.ts": {"path":"/Users/hid/Developer/kickstand/apps/api/src/modules/workshops/workshops.service.ts","statementMap":{"0":{"start":{"line":2,"column":0},"end":{"line":2,"column":71}},"1":{"start":{"line":3,"column":0},"end":{"line":3,"column":55}},"2":{"start":{"line":4,"column":0},"end":{"line":4,"column":57}},"3":{"start":{"line":6,"column":0},"end":{"line":6,"column":48}},"4":{"start":{"line":9,"column":29},"end":{"line":117,"column":null}},"5":{"start":{"line":10,"column":48},"end":{"line":10,"column":61}},"6":{"start":{"line":13,"column":4},"end":{"line":21,"column":7}},"7":{"start":{"line":25,"column":40},"end":{"line":25,"column":46}},"8":{"start":{"line":27,"column":4},"end":{"line":40,"column":5}},"9":{"start":{"line":28,"column":21},"end":{"line":28,"column":36}},"10":{"start":{"line":29,"column":21},"end":{"line":29,"column":36}},"11":{"start":{"line":30,"column":24},"end":{"line":30,"column":42}},"12":{"start":{"line":31,"column":27},"end":{"line":31,"column":60}},"13":{"start":{"line":33,"column":6},"end":{"line":39,"column":9}},"14":{"start":{"line":42,"column":4},"end":{"line":42,"column":51}},"15":{"start":{"line":46,"column":23},"end":{"line":49,"column":49}},"16":{"start":{"line":51,"column":4},"end":{"line":53,"column":5}},"17":{"start":{"line":52,"column":6},"end":{"line":52,"column":70}},"18":{"start":{"line":55,"column":21},"end":{"line":58,"column":64}},"19":{"start":{"line":60,"column":4},"end":{"line":63,"column":6}},"20":{"start":{"line":62,"column":36},"end":{"line":62,"column":78}},"21":{"start":{"line":67,"column":23},"end":{"line":67,"column":77}},"22":{"start":{"line":69,"column":4},"end":{"line":76,"column":5}},"23":{"start":{"line":70,"column":6},"end":{"line":75,"column":8}},"24":{"start":{"line":78,"column":20},"end":{"line":95,"column":32}},"25":{"start":{"line":97,"column":4},"end":{"line":100,"column":8}},"26":{"start":{"line":97,"column":31},"end":{"line":100,"column":6}},"27":{"start":{"line":106,"column":4},"end":{"line":108,"column":5}},"28":{"start":{"line":107,"column":6},"end":{"line":107,"column":43}},"29":{"start":{"line":109,"column":25},"end":{"line":109,"column":35}},"30":{"start":{"line":110,"column":4},"end":{"line":110,"column":55}},"31":{"start":{"line":111,"column":29},"end":{"line":111,"column":57}},"32":{"start":{"line":112,"column":4},"end":{"line":115,"column":6}},"33":{"start":{"line":9,"column":13},"end":{"line":9,"column":29}},"34":{"start":{"line":9,"column":13},"end":{"line":117,"column":null}}},"fnMap":{"0":{"name":"(anonymous_13)","decl":{"start":{"line":10,"column":2},"end":{"line":10,"column":15}},"loc":{"start":{"line":10,"column":61},"end":{"line":10,"column":65}}},"1":{"name":"(anonymous_14)","decl":{"start":{"line":12,"column":10},"end":{"line":12,"column":22}},"loc":{"start":{"line":12,"column":47},"end":{"line":22,"column":3}}},"2":{"name":"(anonymous_15)","decl":{"start":{"line":24,"column":2},"end":{"line":24,"column":7}},"loc":{"start":{"line":24,"column":74},"end":{"line":43,"column":3}}},"3":{"name":"(anonymous_16)","decl":{"start":{"line":45,"column":2},"end":{"line":45,"column":7}},"loc":{"start":{"line":45,"column":34},"end":{"line":64,"column":3}}},"4":{"name":"(anonymous_17)","decl":{"start":{"line":62,"column":29},"end":{"line":62,"column":30}},"loc":{"start":{"line":62,"column":36},"end":{"line":62,"column":78}}},"5":{"name":"(anonymous_18)","decl":{"start":{"line":66,"column":2},"end":{"line":66,"column":7}},"loc":{"start":{"line":66,"column":64},"end":{"line":101,"column":3}}},"6":{"name":"(anonymous_19)","decl":{"start":{"line":97,"column":23},"end":{"line":97,"column":24}},"loc":{"start":{"line":97,"column":31},"end":{"line":100,"column":6}}},"7":{"name":"(anonymous_20)","decl":{"start":{"line":103,"column":2},"end":{"line":103,"column":8}},"loc":{"start":{"line":105,"column":3},"end":{"line":116,"column":3}}}},"branchMap":{"0":{"loc":{"start":{"line":25,"column":22},"end":{"line":25,"column":35}},"type":"default-arg","locations":[{"start":{"line":25,"column":31},"end":{"line":25,"column":35}}]},"1":{"loc":{"start":{"line":27,"column":4},"end":{"line":40,"column":5}},"type":"if","locations":[{"start":{"line":27,"column":4},"end":{"line":40,"column":5}}]},"2":{"loc":{"start":{"line":27,"column":8},"end":{"line":27,"column":18}},"type":"binary-expr","locations":[{"start":{"line":27,"column":8},"end":{"line":27,"column":11}},{"start":{"line":27,"column":15},"end":{"line":27,"column":18}}]},"3":{"loc":{"start":{"line":51,"column":4},"end":{"line":53,"column":5}},"type":"if","locations":[{"start":{"line":51,"column":4},"end":{"line":53,"column":5}}]},"4":{"loc":{"start":{"line":69,"column":4},"end":{"line":76,"column":5}},"type":"if","locations":[{"start":{"line":69,"column":4},"end":{"line":76,"column":5}}]},"5":{"loc":{"start":{"line":106,"column":4},"end":{"line":108,"column":5}},"type":"if","locations":[{"start":{"line":106,"column":4},"end":{"line":108,"column":5}}]}},"s":{"0":2,"1":2,"2":2,"3":2,"4":2,"5":8,"6":1,"7":2,"8":2,"9":1,"10":1,"11":1,"12":1,"13":1,"14":1,"15":2,"16":2,"17":1,"18":1,"19":1,"20":1,"21":2,"22":2,"23":1,"24":2,"25":2,"26":2,"27":5,"28":3,"29":2,"30":2,"31":2,"32":2,"33":2,"34":2},"f":{"0":8,"1":1,"2":2,"3":2,"4":1,"5":2,"6":2,"7":5},"b":{"0":[1],"1":[1],"2":[2,1],"3":[1],"4":[1],"5":[3]}}
,"/Users/hid/Developer/kickstand/apps/api/src/modules/workshops/dto/compare-workshops.dto.ts": {"path":"/Users/hid/Developer/kickstand/apps/api/src/modules/workshops/dto/compare-workshops.dto.ts","statementMap":{"0":{"start":{"line":1,"column":0},"end":{"line":1,"column":73}},"1":{"start":{"line":2,"column":0},"end":{"line":2,"column":76}},"2":{"start":{"line":4,"column":0},"end":{"line":4,"column":13}},"3":{"start":{"line":7,"column":2},"end":{"line":7,"column":null}},"4":{"start":{"line":11,"column":2},"end":{"line":11,"column":null}}},"fnMap":{},"branchMap":{},"s":{"0":1,"1":1,"2":1,"3":1,"4":1},"f":{},"b":{}}
,"/Users/hid/Developer/kickstand/apps/api/src/modules/workshops/dto/find-workshops.dto.ts": {"path":"/Users/hid/Developer/kickstand/apps/api/src/modules/workshops/dto/find-workshops.dto.ts","statementMap":{"0":{"start":{"line":1,"column":0},"end":{"line":1,"column":73}},"1":{"start":{"line":3,"column":0},"end":{"line":3,"column":13}},"2":{"start":{"line":6,"column":2},"end":{"line":6,"column":null}},"3":{"start":{"line":4,"column":39},"end":{"line":4,"column":58}},"4":{"start":{"line":10,"column":2},"end":{"line":10,"column":null}},"5":{"start":{"line":8,"column":39},"end":{"line":8,"column":58}},"6":{"start":{"line":14,"column":2},"end":{"line":14,"column":19}}},"fnMap":{"0":{"name":"(anonymous_2)","decl":{"start":{"line":4,"column":14},"end":{"line":4,"column":15}},"loc":{"start":{"line":4,"column":39},"end":{"line":4,"column":58}}},"1":{"name":"(anonymous_3)","decl":{"start":{"line":8,"column":14},"end":{"line":8,"column":15}},"loc":{"start":{"line":8,"column":39},"end":{"line":8,"column":58}}}},"branchMap":{},"s":{"0":1,"1":1,"2":1,"3":0,"4":1,"5":0,"6":1},"f":{"0":0,"1":0},"b":{}}
,"/Users/hid/Developer/kickstand/apps/api/src/seeds/seed-maintenance-schedules.ts": {"path":"/Users/hid/Developer/kickstand/apps/api/src/seeds/seed-maintenance-schedules.ts","statementMap":{"0":{"start":{"line":1,"column":0},"end":{"line":1,"column":23}},"1":{"start":{"line":2,"column":0},"end":{"line":2,"column":32}},"2":{"start":{"line":3,"column":0},"end":{"line":3,"column":50}},"3":{"start":{"line":4,"column":0},"end":{"line":4,"column":45}},"4":{"start":{"line":6,"column":15},"end":{"line":12,"column":2}},"5":{"start":{"line":14,"column":18},"end":{"line":26,"column":2}},"6":{"start":{"line":29,"column":27},"end":{"line":29,"column":61}},"7":{"start":{"line":30,"column":17},"end":{"line":30,"column":43}},"8":{"start":{"line":31,"column":13},"end":{"line":31,"column":40}},"9":{"start":{"line":33,"column":15},"end":{"line":37,"column":null}},"10":{"start":{"line":34,"column":4},"end":{"line":37,"column":7}},"11":{"start":{"line":34,"column":33},"end":{"line":37,"column":6}},"12":{"start":{"line":40,"column":2},"end":{"line":40,"column":50}},"13":{"start":{"line":42,"column":2},"end":{"line":45,"column":27}},"14":{"start":{"line":47,"column":2},"end":{"line":47,"column":69}},"15":{"start":{"line":48,"column":2},"end":{"line":48,"column":21}},"16":{"start":{"line":51,"column":0},"end":{"line":54,"column":3}},"17":{"start":{"line":52,"column":2},"end":{"line":52,"column":37}},"18":{"start":{"line":53,"column":2},"end":{"line":53,"column":18}}},"fnMap":{"0":{"name":"seed","decl":{"start":{"line":28,"column":15},"end":{"line":28,"column":19}},"loc":{"start":{"line":28,"column":19},"end":{"line":49,"column":1}}},"1":{"name":"(anonymous_11)","decl":{"start":{"line":33,"column":30},"end":{"line":33,"column":31}},"loc":{"start":{"line":34,"column":4},"end":{"line":37,"column":7}}},"2":{"name":"(anonymous_12)","decl":{"start":{"line":34,"column":18},"end":{"line":34,"column":19}},"loc":{"start":{"line":34,"column":33},"end":{"line":37,"column":6}}},"3":{"name":"(anonymous_13)","decl":{"start":{"line":51,"column":13},"end":{"line":51,"column":14}},"loc":{"start":{"line":51,"column":21},"end":{"line":54,"column":1}}}},"branchMap":{},"s":{"0":0,"1":0,"2":0,"3":0,"4":0,"5":0,"6":0,"7":0,"8":0,"9":0,"10":0,"11":0,"12":0,"13":0,"14":0,"15":0,"16":0,"17":0,"18":0},"f":{"0":0,"1":0,"2":0,"3":0},"b":{}}
,"/Users/hid/Developer/kickstand/apps/api/src/seeds/seed-service-types.ts": {"path":"/Users/hid/Developer/kickstand/apps/api/src/seeds/seed-service-types.ts","statementMap":{"0":{"start":{"line":1,"column":0},"end":{"line":1,"column":23}},"1":{"start":{"line":2,"column":0},"end":{"line":2,"column":32}},"2":{"start":{"line":3,"column":0},"end":{"line":3,"column":50}},"3":{"start":{"line":4,"column":0},"end":{"line":4,"column":45}},"4":{"start":{"line":6,"column":21},"end":{"line":22,"column":2}},"5":{"start":{"line":25,"column":27},"end":{"line":25,"column":61}},"6":{"start":{"line":26,"column":17},"end":{"line":26,"column":43}},"7":{"start":{"line":27,"column":13},"end":{"line":27,"column":40}},"8":{"start":{"line":29,"column":2},"end":{"line":29,"column":42}},"9":{"start":{"line":31,"column":2},"end":{"line":34,"column":27}},"10":{"start":{"line":36,"column":2},"end":{"line":36,"column":62}},"11":{"start":{"line":37,"column":2},"end":{"line":37,"column":21}},"12":{"start":{"line":40,"column":0},"end":{"line":43,"column":3}},"13":{"start":{"line":41,"column":2},"end":{"line":41,"column":37}},"14":{"start":{"line":42,"column":2},"end":{"line":42,"column":18}}},"fnMap":{"0":{"name":"seed","decl":{"start":{"line":24,"column":15},"end":{"line":24,"column":19}},"loc":{"start":{"line":24,"column":19},"end":{"line":38,"column":1}}},"1":{"name":"(anonymous_11)","decl":{"start":{"line":40,"column":13},"end":{"line":40,"column":14}},"loc":{"start":{"line":40,"column":21},"end":{"line":43,"column":1}}}},"branchMap":{},"s":{"0":0,"1":0,"2":0,"3":0,"4":0,"5":0,"6":0,"7":0,"8":0,"9":0,"10":0,"11":0,"12":0,"13":0,"14":0},"f":{"0":0,"1":0},"b":{}}
,"/Users/hid/Developer/kickstand/apps/api/src/seeds/seed-workshops.ts": {"path":"/Users/hid/Developer/kickstand/apps/api/src/seeds/seed-workshops.ts","statementMap":{"0":{"start":{"line":1,"column":0},"end":{"line":1,"column":23}},"1":{"start":{"line":2,"column":0},"end":{"line":2,"column":32}},"2":{"start":{"line":3,"column":0},"end":{"line":3,"column":50}},"3":{"start":{"line":4,"column":0},"end":{"line":4,"column":45}},"4":{"start":{"line":6,"column":22},"end":{"line":79,"column":2}},"5":{"start":{"line":82,"column":27},"end":{"line":82,"column":61}},"6":{"start":{"line":83,"column":17},"end":{"line":83,"column":43}},"7":{"start":{"line":84,"column":13},"end":{"line":84,"column":40}},"8":{"start":{"line":86,"column":2},"end":{"line":86,"column":38}},"9":{"start":{"line":88,"column":28},"end":{"line":92,"column":16}},"10":{"start":{"line":94,"column":2},"end":{"line":94,"column":63}},"11":{"start":{"line":96,"column":2},"end":{"line":102,"column":3}},"12":{"start":{"line":97,"column":4},"end":{"line":99,"column":6}},"13":{"start":{"line":100,"column":4},"end":{"line":100,"column":23}},"14":{"start":{"line":101,"column":4},"end":{"line":101,"column":11}},"15":{"start":{"line":105,"column":27},"end":{"line":106,"column":null}},"16":{"start":{"line":106,"column":33},"end":{"line":106,"column":47}},"17":{"start":{"line":109,"column":23},"end":{"line":109,"column":35}},"18":{"start":{"line":111,"column":31},"end":{"line":391,"column":4}},"19":{"start":{"line":393,"column":2},"end":{"line":393,"column":46}},"20":{"start":{"line":395,"column":2},"end":{"line":398,"column":27}},"21":{"start":{"line":400,"column":2},"end":{"line":400,"column":74}},"22":{"start":{"line":402,"column":2},"end":{"line":402,"column":21}},"23":{"start":{"line":405,"column":0},"end":{"line":408,"column":3}},"24":{"start":{"line":406,"column":2},"end":{"line":406,"column":37}},"25":{"start":{"line":407,"column":2},"end":{"line":407,"column":18}}},"fnMap":{"0":{"name":"seed","decl":{"start":{"line":81,"column":15},"end":{"line":81,"column":19}},"loc":{"start":{"line":81,"column":19},"end":{"line":403,"column":1}}},"1":{"name":"(anonymous_11)","decl":{"start":{"line":106,"column":26},"end":{"line":106,"column":27}},"loc":{"start":{"line":106,"column":33},"end":{"line":106,"column":47}}},"2":{"name":"(anonymous_12)","decl":{"start":{"line":405,"column":13},"end":{"line":405,"column":14}},"loc":{"start":{"line":405,"column":21},"end":{"line":408,"column":1}}}},"branchMap":{"0":{"loc":{"start":{"line":96,"column":2},"end":{"line":102,"column":3}},"type":"if","locations":[{"start":{"line":96,"column":2},"end":{"line":102,"column":3}}]}},"s":{"0":0,"1":0,"2":0,"3":0,"4":0,"5":0,"6":0,"7":0,"8":0,"9":0,"10":0,"11":0,"12":0,"13":0,"14":0,"15":0,"16":0,"17":0,"18":0,"19":0,"20":0,"21":0,"22":0,"23":0,"24":0,"25":0},"f":{"0":0,"1":0,"2":0},"b":{"0":[0]}}
}
