TN:
SF:src/app.module.ts
FN:45,(anonymous_1)
FN:50,(anonymous_2)
FN:55,(anonymous_3)
FNF:3
FNH:0
FNDA:0,(anonymous_1)
FNDA:0,(anonymous_2)
FNDA:0,(anonymous_3)
DA:1,0
DA:2,0
DA:3,0
DA:4,0
DA:5,0
DA:6,0
DA:7,0
DA:8,0
DA:9,0
DA:10,0
DA:11,0
DA:12,0
DA:13,0
DA:14,0
DA:15,0
DA:16,0
DA:17,0
DA:18,0
DA:19,0
DA:20,0
DA:21,0
DA:23,0
DA:45,0
DA:50,0
DA:55,0
DA:89,0
LF:26
LH:0
BRDA:34,0,0,0
BRDA:34,0,1,0
BRDA:36,1,0,0
BRDA:36,1,1,0
BRF:4
BRH:0
end_of_record
TN:
SF:src/health.controller.ts
FN:12,(anonymous_2)
FN:16,(anonymous_3)
FNF:2
FNH:0
FNDA:0,(anonymous_2)
FNDA:0,(anonymous_3)
DA:1,0
DA:2,0
DA:7,0
DA:11,0
DA:12,0
DA:16,0
DA:17,0
LF:7
LH:0
BRDA:16,0,0,0
BRDA:16,0,1,0
BRDA:16,1,0,0
BRDA:16,1,1,0
BRDA:12,2,0,0
BRDA:12,2,1,0
BRDA:12,3,0,0
BRDA:12,3,1,0
BRF:8
BRH:0
end_of_record
TN:
SF:src/instrument.ts
FNF:0
FNH:0
DA:1,0
DA:2,0
DA:4,0
DA:6,0
DA:8,0
LF:5
LH:0
BRDA:10,0,0,0
BRDA:10,0,1,0
BRDA:11,1,0,0
BRDA:11,1,1,0
BRF:4
BRH:0
end_of_record
TN:
SF:src/main.ts
FN:8,bootstrap
FNF:1
FNH:0
FNDA:0,bootstrap
DA:1,0
DA:2,0
DA:3,0
DA:4,0
DA:5,0
DA:6,0
DA:9,0
DA:10,0
DA:12,0
DA:13,0
DA:14,0
DA:22,0
DA:24,0
DA:25,0
DA:27,0
DA:28,0
DA:30,0
LF:17
LH:0
BRDA:24,0,0,0
BRDA:24,0,1,0
BRF:2
BRH:0
end_of_record
TN:
SF:src/common/constants/service-types.ts
FNF:0
FNH:0
DA:1,2
LF:1
LH:1
BRF:0
BRH:0
end_of_record
TN:
SF:src/common/decorators/current-user.decorator.ts
FN:9,(anonymous_0)
FNF:1
FNH:0
FNDA:0,(anonymous_0)
DA:1,6
DA:8,6
DA:10,0
DA:11,0
LF:4
LH:2
BRF:0
BRH:0
end_of_record
TN:
SF:src/common/decorators/public.decorator.ts
FN:4,(anonymous_0)
FNF:1
FNH:1
FNDA:4,(anonymous_0)
DA:1,11
DA:3,11
DA:4,11
LF:3
LH:3
BRF:0
BRH:0
end_of_record
TN:
SF:src/common/guards/supabase-auth.guard.ts
FN:27,(anonymous_13)
FN:39,(anonymous_14)
FN:47,(anonymous_15)
FN:105,(anonymous_16)
FN:116,(anonymous_17)
FNF:5
FNH:3
FNDA:2,(anonymous_13)
FNDA:0,(anonymous_14)
FNDA:2,(anonymous_15)
FNDA:0,(anonymous_16)
FNDA:1,(anonymous_17)
DA:1,8
DA:10,8
DA:11,8
DA:12,8
DA:14,8
DA:15,8
DA:17,8
DA:18,8
DA:21,8
DA:22,2
DA:24,2
DA:28,2
DA:29,2
DA:30,2
DA:32,2
DA:33,2
DA:34,2
DA:40,0
DA:41,0
DA:48,2
DA:52,2
DA:54,1
DA:55,1
DA:57,1
DA:58,1
DA:59,1
DA:65,0
DA:66,0
DA:72,0
DA:76,0
DA:79,0
DA:80,0
DA:82,0
DA:83,0
DA:86,0
DA:87,0
DA:89,0
DA:91,0
DA:92,0
DA:96,0
DA:99,0
DA:100,0
DA:101,0
DA:102,0
DA:106,0
DA:108,0
DA:113,0
DA:117,1
DA:118,1
LF:49
LH:26
BRDA:52,0,0,1
BRDA:57,1,0,1
BRDA:72,2,0,0
BRDA:79,3,0,0
BRDA:79,4,0,0
BRDA:79,4,1,0
BRDA:82,5,0,0
BRDA:82,6,0,0
BRDA:82,6,1,0
BRDA:89,7,0,0
BRDA:91,8,0,0
BRDA:91,8,1,0
BRDA:106,9,0,0
BRDA:117,10,0,1
BRDA:117,10,1,1
BRDA:118,11,0,0
BRDA:118,11,1,1
BRDA:28,12,0,8
BRDA:28,12,1,0
BRDA:28,13,0,8
BRDA:28,13,1,8
BRDA:28,14,0,8
BRDA:28,14,1,0
BRDA:28,15,0,8
BRDA:28,15,1,8
BRF:25
BRH:11
end_of_record
TN:
SF:src/config/env.config.ts
FN:1,(anonymous_0)
FNF:1
FNH:0
FNDA:0,(anonymous_0)
DA:1,0
LF:1
LH:0
BRDA:2,0,0,0
BRDA:2,0,1,0
BRF:2
BRH:0
end_of_record
TN:
SF:src/database/database.module.ts
FN:17,(anonymous_11)
FNF:1
FNH:0
FNDA:0,(anonymous_11)
DA:1,23
DA:2,23
DA:3,23
DA:4,23
DA:5,23
DA:7,23
DA:9,23
DA:18,0
DA:21,0
DA:22,0
DA:25,0
DA:26,0
DA:27,0
DA:29,0
DA:35,23
LF:15
LH:8
BRF:0
BRH:0
end_of_record
TN:
SF:src/database/schema.ts
FN:53,(anonymous_0)
FN:64,(anonymous_1)
FN:77,(anonymous_2)
FN:85,(anonymous_3)
FN:100,(anonymous_4)
FN:129,(anonymous_5)
FN:130,(anonymous_6)
FN:133,(anonymous_7)
FN:147,(anonymous_8)
FN:161,(anonymous_9)
FN:164,(anonymous_10)
FN:177,(anonymous_11)
FN:180,(anonymous_12)
FN:186,(anonymous_13)
FN:202,(anonymous_14)
FN:213,(anonymous_15)
FNF:16
FNH:0
FNDA:0,(anonymous_0)
FNDA:0,(anonymous_1)
FNDA:0,(anonymous_2)
FNDA:0,(anonymous_3)
FNDA:0,(anonymous_4)
FNDA:0,(anonymous_5)
FNDA:0,(anonymous_6)
FNDA:0,(anonymous_7)
FNDA:0,(anonymous_8)
FNDA:0,(anonymous_9)
FNDA:0,(anonymous_10)
FNDA:0,(anonymous_11)
FNDA:0,(anonymous_12)
FNDA:0,(anonymous_13)
FNDA:0,(anonymous_14)
FNDA:0,(anonymous_15)
DA:1,23
DA:13,23
DA:14,23
DA:16,23
DA:21,23
DA:36,23
DA:53,0
DA:58,23
DA:64,0
DA:77,0
DA:85,0
DA:95,23
DA:100,0
DA:106,23
DA:123,23
DA:129,0
DA:130,0
DA:133,0
DA:147,0
DA:157,23
DA:161,0
DA:164,0
DA:171,23
DA:177,0
DA:180,0
DA:186,0
DA:196,23
DA:202,0
DA:213,0
LF:29
LH:13
BRF:0
BRH:0
end_of_record
TN:
SF:src/modules/attention/attention.controller.ts
FN:10,(anonymous_4)
FN:13,(anonymous_5)
FNF:2
FNH:2
FNDA:1,(anonymous_4)
FNDA:1,(anonymous_5)
DA:1,1
DA:2,1
DA:3,1
DA:5,1
DA:9,1
DA:10,1
DA:13,1
DA:14,1
LF:8
LH:8
BRDA:10,0,0,1
BRDA:10,0,1,0
BRDA:10,1,0,1
BRDA:10,1,1,1
BRF:4
BRH:3
end_of_record
TN:
SF:src/modules/attention/attention.module.ts
FNF:0
FNH:0
DA:1,0
DA:2,0
DA:3,0
DA:4,0
DA:5,0
DA:6,0
DA:13,0
LF:7
LH:0
BRF:0
BRH:0
end_of_record
TN:
SF:src/modules/attention/attention.service.ts
FN:13,(anonymous_2)
FN:19,(anonymous_3)
FN:28,(anonymous_4)
FN:29,(anonymous_5)
FN:32,(anonymous_6)
FN:47,(anonymous_7)
FNF:6
FNH:0
FNDA:0,(anonymous_2)
FNDA:0,(anonymous_3)
FNDA:0,(anonymous_4)
FNDA:0,(anonymous_5)
FNDA:0,(anonymous_6)
FNDA:0,(anonymous_7)
DA:1,1
DA:2,1
DA:3,1
DA:4,1
DA:12,1
DA:14,0
DA:15,0
DA:16,0
DA:20,0
DA:22,0
DA:27,0
DA:28,0
DA:29,0
DA:32,0
DA:34,0
DA:36,0
DA:48,0
DA:55,0
DA:56,0
DA:57,0
DA:58,0
DA:60,0
DA:61,0
LF:23
LH:5
BRDA:56,0,0,0
BRDA:56,0,1,0
BRDA:57,1,0,0
BRDA:57,1,1,0
BRDA:14,2,0,1
BRDA:14,2,1,0
BRDA:14,3,0,1
BRDA:14,3,1,1
BRDA:14,4,0,1
BRDA:14,4,1,0
BRDA:14,5,0,1
BRDA:14,5,1,1
BRDA:15,6,0,1
BRDA:15,6,1,0
BRDA:15,7,0,1
BRDA:15,7,1,1
BRF:16
BRH:9
end_of_record
TN:
SF:src/modules/auth/auth.controller.ts
FN:11,(anonymous_4)
FN:14,(anonymous_5)
FN:19,(anonymous_6)
FN:24,(anonymous_7)
FNF:4
FNH:4
FNDA:3,(anonymous_4)
FNDA:1,(anonymous_5)
FNDA:1,(anonymous_6)
FNDA:1,(anonymous_7)
DA:1,1
DA:2,1
DA:3,1
DA:4,1
DA:5,1
DA:6,1
DA:10,1
DA:11,3
DA:14,1
DA:15,1
DA:19,1
DA:20,1
DA:24,1
DA:25,1
LF:14
LH:14
BRDA:14,0,0,1
BRDA:14,0,1,0
BRDA:14,1,0,1
BRDA:14,1,1,1
BRDA:19,2,0,1
BRDA:19,2,1,0
BRDA:19,3,0,1
BRDA:19,3,1,1
BRDA:24,4,0,1
BRDA:24,4,1,0
BRDA:24,5,0,1
BRDA:24,5,1,1
BRDA:11,6,0,1
BRDA:11,6,1,0
BRDA:11,7,0,1
BRDA:11,7,1,1
BRF:16
BRH:12
end_of_record
TN:
SF:src/modules/auth/auth.module.ts
FNF:0
FNH:0
DA:1,0
DA:2,0
DA:3,0
DA:10,0
LF:4
LH:0
BRF:0
BRH:0
end_of_record
TN:
SF:src/modules/auth/auth.service.ts
FN:26,(anonymous_13)
FN:43,(anonymous_14)
FN:51,(anonymous_15)
FN:64,(anonymous_16)
FN:108,(anonymous_17)
FN:123,(anonymous_18)
FNF:6
FNH:6
FNDA:7,(anonymous_13)
FNDA:3,(anonymous_14)
FNDA:2,(anonymous_15)
FNDA:3,(anonymous_16)
FNDA:2,(anonymous_17)
FNDA:2,(anonymous_18)
DA:1,2
DA:7,2
DA:8,2
DA:9,2
DA:11,2
DA:23,2
DA:27,7
DA:28,7
DA:30,7
DA:31,7
DA:35,7
DA:44,3
DA:55,2
DA:65,3
DA:68,3
DA:74,3
DA:75,1
DA:80,2
DA:82,2
DA:83,2
DA:92,1
DA:93,1
DA:97,1
DA:99,1
DA:100,0
DA:105,1
DA:109,2
DA:111,2
DA:116,2
DA:117,1
DA:120,1
DA:124,2
DA:126,2
DA:130,2
DA:131,1
DA:136,1
LF:36
LH:35
BRDA:74,0,0,1
BRDA:74,1,0,3
BRDA:74,1,1,2
BRDA:76,2,0,1
BRDA:76,2,1,0
BRDA:99,3,0,0
BRDA:99,4,0,1
BRDA:99,4,1,1
BRDA:101,5,0,0
BRDA:101,5,1,0
BRDA:116,6,0,1
BRDA:116,7,0,2
BRDA:116,7,1,1
BRDA:117,8,0,1
BRDA:117,8,1,0
BRDA:130,9,0,1
BRDA:130,10,0,2
BRDA:130,10,1,1
BRDA:132,11,0,1
BRDA:132,11,1,0
BRDA:28,12,0,2
BRDA:28,12,1,0
BRDA:28,13,0,2
BRDA:28,13,1,2
BRF:24
BRH:17
end_of_record
TN:
SF:src/modules/auth/dto/login.dto.ts
FNF:0
FNH:0
DA:1,1
DA:3,1
DA:5,1
DA:8,1
LF:4
LH:4
BRF:0
BRH:0
end_of_record
TN:
SF:src/modules/auth/dto/refresh.dto.ts
FNF:0
FNH:0
DA:1,1
DA:3,1
DA:5,1
LF:3
LH:3
BRF:0
BRH:0
end_of_record
TN:
SF:src/modules/auth/dto/register.dto.ts
FNF:0
FNH:0
DA:1,1
DA:3,1
DA:5,1
DA:9,1
DA:13,1
LF:5
LH:5
BRF:0
BRH:0
end_of_record
TN:
SF:src/modules/bike-catalog/bike-catalog.controller.ts
FN:9,(anonymous_4)
FN:12,(anonymous_5)
FN:17,(anonymous_6)
FN:22,(anonymous_7)
FNF:4
FNH:4
FNDA:4,(anonymous_4)
FNDA:1,(anonymous_5)
FNDA:1,(anonymous_6)
FNDA:1,(anonymous_7)
DA:1,1
DA:2,1
DA:3,1
DA:4,1
DA:8,1
DA:9,4
DA:12,1
DA:13,1
DA:17,1
DA:18,1
DA:22,1
DA:23,1
LF:12
LH:12
BRDA:17,0,0,1
BRDA:17,0,1,0
BRDA:17,1,0,1
BRDA:17,1,1,1
BRDA:9,2,0,1
BRDA:9,2,1,0
BRDA:9,3,0,1
BRDA:9,3,1,1
BRF:8
BRH:6
end_of_record
TN:
SF:src/modules/bike-catalog/bike-catalog.module.ts
FNF:0
FNH:0
DA:1,0
DA:2,0
DA:3,0
DA:10,0
LF:4
LH:0
BRF:0
BRH:0
end_of_record
TN:
SF:src/modules/bike-catalog/bike-catalog.service.ts
FN:9,(anonymous_13)
FN:11,(anonymous_14)
FN:17,(anonymous_15)
FN:20,(anonymous_16)
FN:28,(anonymous_17)
FNF:5
FNH:5
FNDA:5,(anonymous_13)
FNDA:1,(anonymous_14)
FNDA:3,(anonymous_15)
FNDA:1,(anonymous_16)
FNDA:2,(anonymous_17)
DA:1,8
DA:2,8
DA:3,8
DA:5,8
DA:8,8
DA:9,5
DA:12,1
DA:17,3
DA:21,1
DA:29,2
DA:34,2
DA:35,1
DA:37,1
LF:13
LH:13
BRDA:34,0,0,1
BRF:1
BRH:1
end_of_record
TN:
SF:src/modules/bike-catalog/dto/get-models-query.dto.ts
FNF:0
FNH:0
DA:1,1
DA:3,1
DA:6,1
LF:3
LH:3
BRF:0
BRH:0
end_of_record
TN:
SF:src/modules/bikes/bikes.controller.ts
FN:19,(anonymous_4)
FN:22,(anonymous_5)
FN:27,(anonymous_6)
FN:32,(anonymous_7)
FN:37,(anonymous_8)
FN:46,(anonymous_9)
FN:55,(anonymous_10)
FNF:7
FNH:6
FNDA:5,(anonymous_4)
FNDA:1,(anonymous_5)
FNDA:0,(anonymous_6)
FNDA:1,(anonymous_7)
FNDA:1,(anonymous_8)
FNDA:1,(anonymous_9)
FNDA:1,(anonymous_10)
DA:1,1
DA:10,1
DA:12,1
DA:13,1
DA:14,1
DA:15,1
DA:18,1
DA:19,5
DA:22,1
DA:23,1
DA:27,1
DA:28,0
DA:32,1
DA:33,1
DA:37,1
DA:42,1
DA:46,1
DA:51,1
DA:55,1
DA:56,1
LF:20
LH:19
BRDA:32,0,0,1
BRDA:32,0,1,0
BRDA:32,1,0,1
BRDA:32,1,1,1
BRDA:40,2,0,1
BRDA:40,2,1,0
BRDA:40,3,0,1
BRDA:40,3,1,1
BRDA:49,4,0,1
BRDA:49,4,1,0
BRDA:49,5,0,1
BRDA:49,5,1,1
BRDA:19,6,0,1
BRDA:19,6,1,0
BRDA:19,7,0,1
BRDA:19,7,1,1
BRF:16
BRH:12
end_of_record
TN:
SF:src/modules/bikes/bikes.module.ts
FNF:0
FNH:0
DA:1,0
DA:2,0
DA:3,0
DA:4,0
DA:12,0
LF:5
LH:0
BRF:0
BRH:0
end_of_record
TN:
SF:src/modules/bikes/bikes.service.ts
FN:18,(anonymous_13)
FN:23,(anonymous_14)
FN:32,(anonymous_15)
FN:46,(anonymous_16)
FN:59,(anonymous_17)
FN:65,(anonymous_18)
FN:84,(anonymous_19)
FN:95,(anonymous_20)
FN:112,(anonymous_21)
FNF:9
FNH:7
FNDA:8,(anonymous_13)
FNDA:1,(anonymous_14)
FNDA:1,(anonymous_15)
FNDA:1,(anonymous_16)
FNDA:2,(anonymous_17)
FNDA:6,(anonymous_18)
FNDA:0,(anonymous_19)
FNDA:3,(anonymous_20)
FNDA:0,(anonymous_21)
DA:1,6
DA:7,6
DA:8,6
DA:10,6
DA:14,6
DA:17,6
DA:19,8
DA:20,8
DA:24,1
DA:25,1
DA:29,1
DA:35,1
DA:36,0
DA:37,0
DA:47,1
DA:59,2
DA:66,6
DA:78,6
DA:79,2
DA:81,4
DA:85,0
DA:87,0
DA:92,0
DA:96,3
DA:98,3
DA:99,2
DA:104,1
DA:109,1
DA:113,0
DA:115,0
DA:119,0
LF:31
LH:23
BRDA:35,0,0,1
BRDA:40,1,0,0
BRDA:40,1,1,0
BRDA:61,2,0,2
BRDA:61,2,1,2
BRDA:78,3,0,2
BRDA:81,4,0,4
BRDA:81,4,1,4
BRDA:98,5,0,2
BRDA:20,6,0,6
BRDA:20,6,1,0
BRDA:20,7,0,6
BRDA:20,7,1,6
BRF:13
BRH:10
end_of_record
TN:
SF:src/modules/bikes/dto/create-bike.dto.ts
FNF:0
FNH:0
DA:1,1
DA:12,1
DA:14,1
DA:19,1
DA:22,1
DA:25,1
DA:30,1
DA:34,1
DA:38,1
DA:42,1
DA:46,1
DA:50,1
DA:55,1
DA:59,1
DA:63,1
LF:15
LH:15
BRF:0
BRH:0
end_of_record
TN:
SF:src/modules/bikes/dto/update-bike.dto.ts
FNF:0
FNH:0
DA:1,1
DA:12,1
DA:15,1
DA:21,1
DA:25,1
DA:29,1
DA:33,1
DA:37,1
DA:41,1
DA:45,1
DA:49,1
DA:54,1
DA:58,1
DA:62,1
LF:14
LH:14
BRF:0
BRH:0
end_of_record
TN:
SF:src/modules/bikes/dto/update-mileage.dto.ts
FNF:0
FNH:0
DA:1,1
DA:3,1
DA:6,1
LF:3
LH:3
BRF:0
BRH:0
end_of_record
TN:
SF:src/modules/compliance-status/compliance-status.module.ts
FNF:0
FNH:0
DA:1,0
DA:2,0
DA:3,0
DA:10,0
LF:4
LH:0
BRF:0
BRH:0
end_of_record
TN:
SF:src/modules/compliance-status/compliance-status.service.ts
FN:21,daysBetween
FN:26,severityFor
FN:34,(anonymous_15)
FN:36,(anonymous_16)
FN:76,(anonymous_17)
FNF:5
FNH:5
FNDA:29,daysBetween
FNDA:29,severityFor
FNDA:28,(anonymous_15)
FNDA:27,(anonymous_16)
FNDA:5,(anonymous_17)
DA:1,5
DA:2,5
DA:3,5
DA:5,5
DA:12,5
DA:19,5
DA:22,29
DA:23,29
DA:27,29
DA:28,27
DA:29,4
DA:33,5
DA:34,28
DA:37,27
DA:43,27
DA:44,1
DA:46,26
DA:50,26
DA:51,26
DA:53,26
DA:55,26
DA:56,104
DA:57,104
DA:59,29
DA:60,29
DA:62,29
DA:63,29
DA:64,27
DA:66,29
DA:76,26
DA:77,26
LF:31
LH:31
BRDA:27,0,0,2
BRDA:28,1,0,23
BRDA:43,2,0,1
BRDA:57,3,0,75
BRDA:63,4,0,2
BRDA:63,4,1,27
BRDA:64,5,0,23
BRF:7
BRH:7
end_of_record
TN:
SF:src/modules/maintenance-status/maintenance-status.module.ts
FNF:0
FNH:0
DA:2,0
DA:3,0
DA:4,0
DA:11,0
LF:4
LH:0
BRF:0
BRH:0
end_of_record
TN:
SF:src/modules/maintenance-status/maintenance-status.service.ts
FN:9,formatLabel
FN:12,(anonymous_14)
FN:16,severityFor
FN:31,(anonymous_16)
FN:33,(anonymous_17)
FN:131,(anonymous_18)
FNF:6
FNH:6
FNDA:21,formatLabel
FNDA:41,(anonymous_14)
FNDA:21,severityFor
FNDA:22,(anonymous_16)
FNDA:21,(anonymous_17)
FNDA:3,(anonymous_18)
DA:2,5
DA:3,5
DA:4,5
DA:6,5
DA:10,21
DA:12,41
DA:23,21
DA:24,21
DA:25,9
DA:26,4
DA:30,5
DA:31,22
DA:34,21
DA:40,21
DA:41,1
DA:43,20
DA:45,20
DA:61,20
DA:63,18
DA:64,18
DA:66,18
DA:67,21
DA:80,21
DA:81,21
DA:82,21
DA:83,21
DA:85,21
DA:86,21
DA:87,21
DA:90,21
DA:91,20
DA:92,20
DA:93,20
DA:94,10
DA:95,10
DA:96,4
DA:101,21
DA:102,18
DA:104,18
DA:106,18
DA:107,18
DA:108,5
DA:109,2
DA:110,3
DA:111,1
DA:116,21
DA:131,18
DA:132,18
LF:48
LH:48
BRDA:23,0,0,21
BRDA:23,0,1,1
BRDA:23,1,0,1
BRDA:23,1,1,0
BRDA:24,2,0,12
BRDA:25,3,0,5
BRDA:40,4,0,1
BRDA:51,5,0,6
BRDA:51,5,1,14
BRDA:61,6,0,2
BRDA:80,7,0,21
BRDA:80,7,1,2
BRDA:81,8,0,19
BRDA:81,8,1,2
BRDA:82,9,0,19
BRDA:82,9,1,2
BRDA:90,10,0,20
BRDA:93,11,0,10
BRDA:93,11,1,10
BRDA:95,12,0,4
BRDA:101,13,0,18
BRDA:101,14,0,21
BRDA:101,14,1,20
BRDA:107,15,0,5
BRDA:108,16,0,2
BRDA:108,16,1,3
BRDA:110,17,0,1
BRDA:121,18,0,19
BRDA:121,18,1,2
BRF:29
BRH:28
end_of_record
TN:
SF:src/modules/notifications/notifications-scan.service.ts
FN:16,(anonymous_2)
FN:22,(anonymous_3)
FN:48,(anonymous_4)
FN:56,(anonymous_5)
FNF:4
FNH:4
FNDA:2,(anonymous_2)
FNDA:2,(anonymous_3)
FNDA:2,(anonymous_4)
FNDA:1,(anonymous_5)
DA:1,2
DA:2,2
DA:3,2
DA:4,2
DA:15,2
DA:17,2
DA:18,2
DA:19,2
DA:23,2
DA:25,2
DA:26,1
DA:29,1
DA:35,1
DA:49,2
DA:50,1
DA:53,1
DA:57,1
DA:59,1
DA:61,0
DA:63,0
LF:20
LH:18
BRDA:25,0,0,1
BRDA:49,1,0,1
BRDA:49,2,0,2
BRDA:49,2,1,1
BRDA:49,2,2,1
BRDA:57,3,0,1
BRDA:57,3,1,0
BRDA:57,3,2,0
BRDA:17,4,0,2
BRDA:17,4,1,0
BRDA:17,5,0,2
BRDA:17,5,1,2
BRDA:17,6,0,2
BRDA:17,6,1,0
BRDA:17,7,0,2
BRDA:17,7,1,2
BRDA:18,8,0,2
BRDA:18,8,1,0
BRDA:18,9,0,2
BRDA:18,9,1,2
BRF:20
BRH:15
end_of_record
TN:
SF:src/modules/notifications/notifications.controller.ts
FN:12,(anonymous_4)
FN:18,(anonymous_5)
FN:29,(anonymous_6)
FNF:3
FNH:3
FNDA:6,(anonymous_4)
FNDA:1,(anonymous_5)
FNDA:5,(anonymous_6)
DA:1,1
DA:2,1
DA:3,1
DA:4,1
DA:6,1
DA:7,1
DA:8,1
DA:11,1
DA:13,6
DA:14,6
DA:18,1
DA:22,1
DA:23,1
DA:29,1
DA:30,5
LF:15
LH:15
BRDA:20,0,0,1
BRDA:20,0,1,0
BRDA:20,1,0,1
BRDA:20,1,1,1
BRDA:13,2,0,1
BRDA:13,2,1,0
BRDA:13,3,0,1
BRDA:13,3,1,1
BRDA:13,4,0,1
BRDA:13,4,1,0
BRDA:13,5,0,1
BRDA:13,5,1,1
BRF:12
BRH:9
end_of_record
TN:
SF:src/modules/notifications/notifications.module.ts
FNF:0
FNH:0
DA:1,0
DA:2,0
DA:3,0
DA:4,0
DA:5,0
DA:6,0
DA:7,0
DA:8,0
DA:9,0
DA:23,0
LF:10
LH:0
BRF:0
BRH:0
end_of_record
TN:
SF:src/modules/notifications/notifications.service.ts
FN:13,(anonymous_13)
FN:15,(anonymous_14)
FN:22,(anonymous_15)
FN:44,(anonymous_16)
FN:56,(anonymous_17)
FN:84,(anonymous_18)
FN:107,(anonymous_19)
FNF:7
FNH:7
FNDA:12,(anonymous_13)
FNDA:1,(anonymous_14)
FNDA:3,(anonymous_15)
FNDA:1,(anonymous_16)
FNDA:4,(anonymous_17)
FNDA:3,(anonymous_18)
FNDA:2,(anonymous_19)
DA:1,5
DA:2,5
DA:3,5
DA:4,5
DA:6,5
DA:9,5
DA:10,12
DA:11,12
DA:13,12
DA:16,1
DA:29,3
DA:41,3
DA:51,1
DA:61,4
DA:62,1
DA:63,1
DA:66,3
DA:67,3
DA:71,2
DA:72,2
DA:76,1
DA:80,1
DA:85,3
DA:87,3
DA:88,3
DA:89,3
DA:91,2
DA:92,4
DA:93,4
DA:97,1
DA:98,1
DA:102,1
DA:108,2
LF:33
LH:33
BRDA:61,0,0,1
BRDA:72,1,0,1
BRDA:73,2,0,2
BRDA:73,2,1,1
BRDA:93,3,0,1
BRDA:94,4,0,4
BRDA:94,4,1,1
BRF:7
BRH:7
end_of_record
TN:
SF:src/modules/notifications/dto/register-token.dto.ts
FNF:0
FNH:0
DA:1,1
DA:3,1
DA:7,1
LF:3
LH:3
BRF:0
BRH:0
end_of_record
TN:
SF:src/modules/notifications/guards/api-key.guard.ts
FN:12,(anonymous_2)
FN:14,(anonymous_3)
FNF:2
FNH:0
FNDA:0,(anonymous_2)
FNDA:0,(anonymous_3)
DA:1,1
DA:7,1
DA:11,1
DA:12,0
DA:15,0
DA:16,0
DA:17,0
DA:19,0
DA:20,0
DA:23,0
LF:10
LH:3
BRDA:19,0,0,0
BRDA:19,1,0,0
BRDA:19,1,1,0
BRDA:12,2,0,1
BRDA:12,2,1,0
BRDA:12,3,0,1
BRDA:12,3,1,1
BRF:7
BRH:3
end_of_record
TN:
SF:src/modules/notifications/jobs/compliance-scanner.job.ts
FN:19,tierFor
FN:31,(anonymous_14)
FN:38,(anonymous_15)
FN:39,(anonymous_16)
FN:45,(anonymous_17)
FN:116,(anonymous_18)
FNF:6
FNH:4
FNDA:21,tierFor
FNDA:22,(anonymous_14)
FNDA:0,(anonymous_15)
FNDA:0,(anonymous_16)
FNDA:22,(anonymous_17)
FNDA:19,(anonymous_18)
DA:1,3
DA:2,3
DA:3,3
DA:4,3
DA:5,3
DA:7,3
DA:8,3
DA:9,3
DA:12,3
DA:20,21
DA:21,21
DA:22,47
DA:24,0
DA:28,3
DA:29,22
DA:32,22
DA:33,22
DA:34,22
DA:38,3
DA:39,0
DA:40,0
DA:41,0
DA:46,22
DA:47,22
DA:48,22
DA:49,22
DA:50,2
DA:53,20
DA:54,20
DA:56,20
DA:57,20
DA:59,19
DA:65,19
DA:66,21
DA:69,21
DA:70,22
DA:72,21
DA:73,21
DA:75,21
DA:82,21
DA:84,19
DA:85,19
DA:89,19
DA:97,19
DA:98,19
DA:103,20
DA:108,20
DA:110,0
DA:111,0
DA:112,0
DA:117,19
DA:118,0
DA:120,19
LF:53
LH:45
BRDA:20,0,0,0
BRDA:22,1,0,21
BRDA:49,2,0,2
BRDA:57,3,0,1
BRDA:70,4,0,1
BRDA:73,5,0,0
BRDA:82,6,0,2
BRDA:117,7,0,0
BRDA:118,8,0,0
BRDA:118,8,1,0
BRDA:120,9,0,2
BRDA:120,9,1,17
BRDA:33,10,0,3
BRDA:33,10,1,0
BRDA:33,11,0,3
BRDA:33,11,1,3
BRDA:33,12,0,3
BRDA:33,12,1,0
BRDA:33,13,0,3
BRDA:33,13,1,3
BRF:20
BRH:13
end_of_record
TN:
SF:src/modules/notifications/jobs/maintenance-reminder.job.ts
FN:16,(anonymous_13)
FN:23,(anonymous_14)
FN:24,(anonymous_15)
FN:30,(anonymous_16)
FN:107,(anonymous_17)
FN:114,(anonymous_18)
FN:145,(anonymous_19)
FNF:7
FNH:5
FNDA:15,(anonymous_13)
FNDA:0,(anonymous_14)
FNDA:0,(anonymous_15)
FNDA:15,(anonymous_16)
FNDA:10,(anonymous_17)
FNDA:2,(anonymous_18)
FNDA:14,(anonymous_19)
DA:1,3
DA:2,3
DA:3,3
DA:4,3
DA:5,3
DA:7,3
DA:8,3
DA:9,3
DA:13,3
DA:14,15
DA:17,15
DA:18,15
DA:19,15
DA:23,3
DA:24,0
DA:25,0
DA:26,0
DA:31,15
DA:32,15
DA:33,15
DA:34,15
DA:35,1
DA:36,1
DA:39,14
DA:40,14
DA:42,14
DA:43,14
DA:45,14
DA:51,14
DA:52,14
DA:55,14
DA:57,14
DA:58,14
DA:60,12
DA:67,12
DA:69,11
DA:72,14
DA:74,10
DA:75,10
DA:79,10
DA:80,11
DA:89,10
DA:90,10
DA:94,14
DA:99,14
DA:101,0
DA:102,0
DA:103,0
DA:111,10
DA:112,1
DA:115,2
DA:118,1
DA:121,9
DA:123,9
DA:124,6
DA:129,3
DA:133,3
DA:137,3
DA:138,1
DA:141,2
DA:142,2
DA:146,14
LF:62
LH:56
BRDA:34,0,0,1
BRDA:43,1,0,0
BRDA:58,2,0,2
BRDA:65,3,0,9
BRDA:65,3,1,3
BRDA:67,4,0,1
BRDA:72,5,0,4
BRDA:85,6,0,8
BRDA:85,6,1,3
BRDA:111,7,0,1
BRDA:115,8,0,2
BRDA:115,8,1,0
BRDA:123,9,0,6
BRDA:124,10,0,6
BRDA:124,10,1,1
BRDA:129,11,0,3
BRDA:129,11,1,0
BRDA:129,12,0,3
BRDA:129,12,1,3
BRDA:133,13,0,3
BRDA:133,13,1,3
BRDA:133,13,2,3
BRDA:137,14,0,1
BRDA:141,15,0,2
BRDA:141,15,1,0
BRDA:146,16,0,13
BRDA:146,16,1,1
BRDA:18,17,0,3
BRDA:18,17,1,0
BRDA:18,18,0,3
BRDA:18,18,1,3
BRDA:18,19,0,3
BRDA:18,19,1,0
BRDA:18,20,0,3
BRDA:18,20,1,3
BRF:35
BRH:29
end_of_record
TN:
SF:src/modules/notifications/jobs/workshop-freshness.job.ts
FN:13,(anonymous_13)
FN:16,(anonymous_14)
FN:17,(anonymous_15)
FN:23,(anonymous_16)
FNF:4
FNH:2
FNDA:6,(anonymous_13)
FNDA:0,(anonymous_14)
FNDA:0,(anonymous_15)
FNDA:6,(anonymous_16)
DA:1,3
DA:2,3
DA:3,3
DA:4,3
DA:5,3
DA:7,3
DA:10,3
DA:11,6
DA:13,6
DA:16,3
DA:17,0
DA:18,0
DA:19,0
DA:24,6
DA:25,6
DA:26,6
DA:27,6
DA:28,6
DA:30,6
DA:36,6
DA:41,6
DA:43,0
DA:44,0
DA:45,0
LF:24
LH:18
BRF:0
BRH:0
end_of_record
TN:
SF:src/modules/service-logs/service-logs-user.controller.ts
FN:9,(anonymous_4)
FN:12,(anonymous_5)
FNF:2
FNH:2
FNDA:2,(anonymous_4)
FNDA:2,(anonymous_5)
DA:1,1
DA:2,1
DA:4,1
DA:5,1
DA:8,1
DA:9,2
DA:12,1
DA:13,2
DA:14,2
DA:15,2
LF:10
LH:10
BRDA:13,0,0,2
BRDA:13,0,1,1
BRDA:14,1,0,2
BRDA:14,1,1,1
BRDA:12,2,0,1
BRDA:12,2,1,0
BRDA:12,3,0,1
BRDA:12,3,1,1
BRDA:9,4,0,1
BRDA:9,4,1,0
BRDA:9,5,0,1
BRDA:9,5,1,1
BRF:12
BRH:10
end_of_record
TN:
SF:src/modules/service-logs/service-logs.controller.ts
FN:20,(anonymous_4)
FN:23,(anonymous_5)
FN:34,(anonymous_6)
FN:43,(anonymous_7)
FN:52,(anonymous_8)
FN:62,(anonymous_9)
FNF:6
FNH:6
FNDA:11,(anonymous_4)
FNDA:2,(anonymous_5)
FNDA:1,(anonymous_6)
FNDA:1,(anonymous_7)
FNDA:1,(anonymous_8)
FNDA:1,(anonymous_9)
DA:1,1
DA:11,1
DA:13,1
DA:14,1
DA:15,1
DA:16,1
DA:19,1
DA:20,11
DA:23,1
DA:28,2
DA:29,2
DA:30,2
DA:34,1
DA:39,1
DA:43,1
DA:48,1
DA:52,1
DA:58,1
DA:62,1
DA:67,1
LF:20
LH:20
BRDA:28,0,0,2
BRDA:28,0,1,1
BRDA:29,1,0,2
BRDA:29,1,1,1
BRDA:26,2,0,1
BRDA:26,2,1,0
BRDA:26,3,0,1
BRDA:26,3,1,1
BRDA:46,4,0,1
BRDA:46,4,1,0
BRDA:46,5,0,1
BRDA:46,5,1,1
BRDA:56,6,0,1
BRDA:56,6,1,0
BRDA:56,7,0,1
BRDA:56,7,1,1
BRDA:20,8,0,1
BRDA:20,8,1,0
BRDA:20,9,0,1
BRDA:20,9,1,1
BRF:20
BRH:16
end_of_record
TN:
SF:src/modules/service-logs/service-logs.module.ts
FNF:0
FNH:0
DA:1,0
DA:2,0
DA:3,0
DA:4,0
DA:5,0
DA:13,0
LF:6
LH:0
BRF:0
BRH:0
end_of_record
TN:
SF:src/modules/service-logs/service-logs.service.ts
FN:12,(anonymous_13)
FN:17,(anonymous_14)
FN:45,(anonymous_15)
FN:80,(anonymous_16)
FN:91,(anonymous_17)
FN:111,(anonymous_18)
FN:134,(anonymous_19)
FN:145,(anonymous_20)
FNF:8
FNH:8
FNDA:12,(anonymous_13)
FNDA:1,(anonymous_14)
FNDA:2,(anonymous_15)
FNDA:2,(anonymous_16)
FNDA:2,(anonymous_17)
FNDA:3,(anonymous_18)
FNDA:3,(anonymous_19)
FNDA:2,(anonymous_20)
DA:1,3
DA:2,3
DA:3,3
DA:5,3
DA:6,3
DA:11,3
DA:13,12
DA:14,12
DA:23,1
DA:25,1
DA:27,1
DA:32,1
DA:34,1
DA:42,1
DA:46,2
DA:48,2
DA:54,2
DA:56,2
DA:77,2
DA:81,2
DA:83,2
DA:88,2
DA:92,2
DA:94,2
DA:104,2
DA:105,1
DA:108,1
DA:117,3
DA:119,3
DA:129,3
DA:130,1
DA:133,2
DA:134,3
DA:136,2
DA:142,2
DA:146,2
DA:148,2
DA:158,2
DA:159,1
DA:162,1
DA:167,1
LF:41
LH:41
BRDA:32,0,0,1
BRDA:32,0,1,0
BRDA:54,1,0,2
BRDA:54,1,1,0
BRDA:104,2,0,1
BRDA:129,3,0,1
BRDA:158,4,0,1
BRDA:14,5,0,3
BRDA:14,5,1,0
BRDA:14,6,0,3
BRDA:14,6,1,3
BRF:11
BRH:8
end_of_record
TN:
SF:src/modules/service-logs/dto/create-service-log.dto.ts
FNF:0
FNH:0
DA:1,1
DA:13,1
DA:15,1
DA:17,1
DA:20,1
DA:23,1
DA:27,1
DA:30,1
DA:35,1
DA:39,1
DA:45,1
LF:11
LH:11
BRF:0
BRH:0
end_of_record
TN:
SF:src/modules/service-logs/dto/list-service-logs.dto.ts
FN:6,(anonymous_2)
FN:12,(anonymous_3)
FNF:2
FNH:0
FNDA:0,(anonymous_2)
FNDA:0,(anonymous_3)
DA:1,2
DA:2,2
DA:4,2
DA:6,0
DA:9,2
DA:12,0
DA:16,2
LF:7
LH:5
BRF:0
BRH:0
end_of_record
TN:
SF:src/modules/service-logs/dto/update-service-log.dto.ts
FNF:0
FNH:0
DA:1,1
DA:13,1
DA:15,1
DA:18,1
DA:22,1
DA:26,1
DA:31,1
DA:35,1
DA:40,1
DA:44,1
DA:50,1
LF:11
LH:11
BRF:0
BRH:0
end_of_record
TN:
SF:src/modules/users/users.controller.ts
FN:9,(anonymous_4)
FN:12,(anonymous_5)
FN:17,(anonymous_6)
FNF:3
FNH:3
FNDA:2,(anonymous_4)
FNDA:1,(anonymous_5)
FNDA:1,(anonymous_6)
DA:1,1
DA:2,1
DA:4,1
DA:5,1
DA:8,1
DA:9,2
DA:12,1
DA:13,1
DA:17,1
DA:18,1
LF:10
LH:10
BRDA:17,0,0,1
BRDA:17,0,1,0
BRDA:17,1,0,1
BRDA:17,1,1,1
BRDA:9,2,0,1
BRDA:9,2,1,0
BRDA:9,3,0,1
BRDA:9,3,1,1
BRF:8
BRH:6
end_of_record
TN:
SF:src/modules/users/users.module.ts
FNF:0
FNH:0
DA:1,0
DA:2,0
DA:3,0
DA:10,0
LF:4
LH:0
BRF:0
BRH:0
end_of_record
TN:
SF:src/modules/users/users.service.ts
FN:10,(anonymous_13)
FN:20,(anonymous_14)
FN:28,(anonymous_15)
FN:44,(anonymous_16)
FNF:4
FNH:4
FNDA:5,(anonymous_13)
FNDA:4,(anonymous_14)
FNDA:4,(anonymous_15)
FNDA:3,(anonymous_16)
DA:1,2
DA:2,2
DA:3,2
DA:5,2
DA:9,2
DA:10,5
DA:12,5
DA:21,4
DA:25,4
DA:29,4
DA:37,4
DA:38,1
DA:41,3
DA:45,3
DA:46,3
DA:47,3
DA:49,3
DA:50,3
DA:56,3
DA:57,1
DA:61,2
LF:21
LH:21
BRDA:25,0,0,4
BRDA:25,0,1,0
BRDA:37,1,0,1
BRDA:46,2,0,2
BRDA:47,3,0,1
BRDA:47,4,0,1
BRDA:47,4,1,0
BRDA:49,5,0,3
BRDA:56,6,0,1
BRF:9
BRH:7
end_of_record
TN:
SF:src/modules/users/dto/update-profile.dto.ts
FNF:0
FNH:0
DA:1,1
DA:9,1
DA:14,1
DA:18,1
LF:4
LH:4
BRF:0
BRH:0
end_of_record
TN:
SF:src/modules/workshops/workshops.controller.ts
FN:8,(anonymous_4)
FN:11,(anonymous_5)
FN:16,(anonymous_6)
FN:24,(anonymous_7)
FNF:4
FNH:4
FNDA:3,(anonymous_4)
FNDA:1,(anonymous_5)
FNDA:1,(anonymous_6)
FNDA:1,(anonymous_7)
DA:1,1
DA:2,1
DA:3,1
DA:4,1
DA:7,1
DA:8,3
DA:11,1
DA:12,1
DA:16,1
DA:17,1
DA:24,1
DA:25,1
LF:12
LH:12
BRDA:11,0,0,1
BRDA:11,0,1,0
BRDA:11,1,0,1
BRDA:11,1,1,1
BRDA:16,2,0,1
BRDA:16,2,1,0
BRDA:16,3,0,1
BRDA:16,3,1,1
BRDA:8,4,0,1
BRDA:8,4,1,0
BRDA:8,5,0,1
BRDA:8,5,1,1
BRF:12
BRH:9
end_of_record
TN:
SF:src/modules/workshops/workshops.module.ts
FNF:0
FNH:0
DA:1,0
DA:2,0
DA:3,0
DA:10,0
LF:4
LH:0
BRF:0
BRH:0
end_of_record
TN:
SF:src/modules/workshops/workshops.service.ts
FN:10,(anonymous_13)
FN:12,(anonymous_14)
FN:24,(anonymous_15)
FN:45,(anonymous_16)
FN:62,(anonymous_17)
FN:66,(anonymous_18)
FN:97,(anonymous_19)
FN:103,(anonymous_20)
FNF:8
FNH:8
FNDA:8,(anonymous_13)
FNDA:1,(anonymous_14)
FNDA:2,(anonymous_15)
FNDA:2,(anonymous_16)
FNDA:1,(anonymous_17)
FNDA:2,(anonymous_18)
FNDA:2,(anonymous_19)
FNDA:5,(anonymous_20)
DA:2,2
DA:3,2
DA:4,2
DA:6,2
DA:9,2
DA:10,8
DA:13,1
DA:25,2
DA:27,2
DA:28,1
DA:29,1
DA:30,1
DA:31,1
DA:33,1
DA:42,1
DA:46,2
DA:51,2
DA:52,1
DA:55,1
DA:60,1
DA:62,1
DA:67,2
DA:69,2
DA:70,1
DA:78,2
DA:97,2
DA:106,5
DA:107,3
DA:109,2
DA:110,2
DA:111,2
DA:112,2
LF:32
LH:32
BRDA:25,0,0,1
BRDA:27,1,0,1
BRDA:27,2,0,2
BRDA:27,2,1,1
BRDA:51,3,0,1
BRDA:69,4,0,1
BRDA:106,5,0,3
BRF:7
BRH:7
end_of_record
TN:
SF:src/modules/workshops/dto/compare-workshops.dto.ts
FNF:0
FNH:0
DA:1,1
DA:2,1
DA:4,1
DA:7,1
DA:11,1
LF:5
LH:5
BRF:0
BRH:0
end_of_record
TN:
SF:src/modules/workshops/dto/find-workshops.dto.ts
FN:4,(anonymous_2)
FN:8,(anonymous_3)
FNF:2
FNH:0
FNDA:0,(anonymous_2)
FNDA:0,(anonymous_3)
DA:1,1
DA:3,1
DA:4,0
DA:6,1
DA:8,0
DA:10,1
DA:14,1
LF:7
LH:5
BRF:0
BRH:0
end_of_record
TN:
SF:src/seeds/seed-maintenance-schedules.ts
FN:28,seed
FN:33,(anonymous_11)
FN:34,(anonymous_12)
FN:51,(anonymous_13)
FNF:4
FNH:0
FNDA:0,seed
FNDA:0,(anonymous_11)
FNDA:0,(anonymous_12)
FNDA:0,(anonymous_13)
DA:1,0
DA:2,0
DA:3,0
DA:4,0
DA:6,0
DA:14,0
DA:29,0
DA:30,0
DA:31,0
DA:33,0
DA:34,0
DA:40,0
DA:42,0
DA:47,0
DA:48,0
DA:51,0
DA:52,0
DA:53,0
LF:18
LH:0
BRF:0
BRH:0
end_of_record
TN:
SF:src/seeds/seed-service-types.ts
FN:24,seed
FN:40,(anonymous_11)
FNF:2
FNH:0
FNDA:0,seed
FNDA:0,(anonymous_11)
DA:1,0
DA:2,0
DA:3,0
DA:4,0
DA:6,0
DA:25,0
DA:26,0
DA:27,0
DA:29,0
DA:31,0
DA:36,0
DA:37,0
DA:40,0
DA:41,0
DA:42,0
LF:15
LH:0
BRF:0
BRH:0
end_of_record
TN:
SF:src/seeds/seed-workshops.ts
FN:81,seed
FN:106,(anonymous_11)
FN:405,(anonymous_12)
FNF:3
FNH:0
FNDA:0,seed
FNDA:0,(anonymous_11)
FNDA:0,(anonymous_12)
DA:1,0
DA:2,0
DA:3,0
DA:4,0
DA:6,0
DA:82,0
DA:83,0
DA:84,0
DA:86,0
DA:88,0
DA:94,0
DA:96,0
DA:97,0
DA:100,0
DA:101,0
DA:105,0
DA:106,0
DA:109,0
DA:111,0
DA:393,0
DA:395,0
DA:400,0
DA:402,0
DA:405,0
DA:406,0
DA:407,0
LF:26
LH:0
BRDA:96,0,0,0
BRF:1
BRH:0
end_of_record
